2020-02-27 11:05:21.229 [restartedMain] DEBUG com.Application - Running with Spring Boot v2.0.4.RELEASE, Spring v5.0.8.RELEASE
2020-02-27 11:05:22.560 [restartedMain] DEBUG org.mybatis.spring.mapper.ClassPathMapperScanner - Identified candidate component class: file [/Users/littlehippo/mayday/target/classes/com/songhaozhi/mayday/mapper/custom/ArticleMapperCustom.class]
2020-02-27 11:05:22.560 [restartedMain] DEBUG org.mybatis.spring.mapper.ClassPathMapperScanner - Identified candidate component class: file [/Users/littlehippo/mayday/target/classes/com/songhaozhi/mayday/mapper/custom/CategoryMapperCustom.class]
2020-02-27 11:05:22.560 [restartedMain] DEBUG org.mybatis.spring.mapper.ClassPathMapperScanner - Identified candidate component class: file [/Users/littlehippo/mayday/target/classes/com/songhaozhi/mayday/mapper/custom/LinkMapperCustom.class]
2020-02-27 11:05:22.561 [restartedMain] DEBUG org.mybatis.spring.mapper.ClassPathMapperScanner - Identified candidate component class: file [/Users/littlehippo/mayday/target/classes/com/songhaozhi/mayday/mapper/custom/LogMapperCustom.class]
2020-02-27 11:05:22.561 [restartedMain] DEBUG org.mybatis.spring.mapper.ClassPathMapperScanner - Identified candidate component class: file [/Users/littlehippo/mayday/target/classes/com/songhaozhi/mayday/mapper/custom/OptionsMapperCustom.class]
2020-02-27 11:05:22.561 [restartedMain] DEBUG org.mybatis.spring.mapper.ClassPathMapperScanner - Identified candidate component class: file [/Users/littlehippo/mayday/target/classes/com/songhaozhi/mayday/mapper/custom/TagMapperCustom.class]
2020-02-27 11:05:22.561 [restartedMain] DEBUG org.mybatis.spring.mapper.ClassPathMapperScanner - Identified candidate component class: file [/Users/littlehippo/mayday/target/classes/com/songhaozhi/mayday/mapper/custom/ThemeMapperCustom.class]
2020-02-27 11:05:22.561 [restartedMain] DEBUG org.mybatis.spring.mapper.ClassPathMapperScanner - Identified candidate component class: file [/Users/littlehippo/mayday/target/classes/com/songhaozhi/mayday/mapper/custom/UserMapperCustom.class]
2020-02-27 11:05:22.561 [restartedMain] DEBUG org.mybatis.spring.mapper.ClassPathMapperScanner - Identified candidate component class: file [/Users/littlehippo/mayday/target/classes/com/songhaozhi/mayday/mapper/generator/ArticleCategoryMapper.class]
2020-02-27 11:05:22.562 [restartedMain] DEBUG org.mybatis.spring.mapper.ClassPathMapperScanner - Identified candidate component class: file [/Users/littlehippo/mayday/target/classes/com/songhaozhi/mayday/mapper/generator/ArticleMapper.class]
2020-02-27 11:05:22.562 [restartedMain] DEBUG org.mybatis.spring.mapper.ClassPathMapperScanner - Identified candidate component class: file [/Users/littlehippo/mayday/target/classes/com/songhaozhi/mayday/mapper/generator/ArticleTagMapper.class]
2020-02-27 11:05:22.562 [restartedMain] DEBUG org.mybatis.spring.mapper.ClassPathMapperScanner - Identified candidate component class: file [/Users/littlehippo/mayday/target/classes/com/songhaozhi/mayday/mapper/generator/AttachmentMapper.class]
2020-02-27 11:05:22.562 [restartedMain] DEBUG org.mybatis.spring.mapper.ClassPathMapperScanner - Identified candidate component class: file [/Users/littlehippo/mayday/target/classes/com/songhaozhi/mayday/mapper/generator/BacklogMapper.class]
2020-02-27 11:05:22.562 [restartedMain] DEBUG org.mybatis.spring.mapper.ClassPathMapperScanner - Identified candidate component class: file [/Users/littlehippo/mayday/target/classes/com/songhaozhi/mayday/mapper/generator/CategoryMapper.class]
2020-02-27 11:05:22.562 [restartedMain] DEBUG org.mybatis.spring.mapper.ClassPathMapperScanner - Identified candidate component class: file [/Users/littlehippo/mayday/target/classes/com/songhaozhi/mayday/mapper/generator/LinkMapper.class]
2020-02-27 11:05:22.563 [restartedMain] DEBUG org.mybatis.spring.mapper.ClassPathMapperScanner - Identified candidate component class: file [/Users/littlehippo/mayday/target/classes/com/songhaozhi/mayday/mapper/generator/LogMapper.class]
2020-02-27 11:05:22.563 [restartedMain] DEBUG org.mybatis.spring.mapper.ClassPathMapperScanner - Identified candidate component class: file [/Users/littlehippo/mayday/target/classes/com/songhaozhi/mayday/mapper/generator/MenuMapper.class]
2020-02-27 11:05:22.563 [restartedMain] DEBUG org.mybatis.spring.mapper.ClassPathMapperScanner - Identified candidate component class: file [/Users/littlehippo/mayday/target/classes/com/songhaozhi/mayday/mapper/generator/OptionsMapper.class]
2020-02-27 11:05:22.563 [restartedMain] DEBUG org.mybatis.spring.mapper.ClassPathMapperScanner - Identified candidate component class: file [/Users/littlehippo/mayday/target/classes/com/songhaozhi/mayday/mapper/generator/TagMapper.class]
2020-02-27 11:05:22.563 [restartedMain] DEBUG org.mybatis.spring.mapper.ClassPathMapperScanner - Identified candidate component class: file [/Users/littlehippo/mayday/target/classes/com/songhaozhi/mayday/mapper/generator/ThemeMapper.class]
2020-02-27 11:05:22.563 [restartedMain] DEBUG org.mybatis.spring.mapper.ClassPathMapperScanner - Identified candidate component class: file [/Users/littlehippo/mayday/target/classes/com/songhaozhi/mayday/mapper/generator/UserMapper.class]
2020-02-27 11:05:22.564 [restartedMain] DEBUG org.mybatis.spring.mapper.ClassPathMapperScanner - Creating MapperFactoryBean with name 'articleMapperCustom' and 'com.songhaozhi.mayday.mapper.custom.ArticleMapperCustom' mapperInterface
2020-02-27 11:05:22.564 [restartedMain] DEBUG org.mybatis.spring.mapper.ClassPathMapperScanner - Enabling autowire by type for MapperFactoryBean with name 'articleMapperCustom'.
2020-02-27 11:05:22.564 [restartedMain] DEBUG org.mybatis.spring.mapper.ClassPathMapperScanner - Creating MapperFactoryBean with name 'categoryMapperCustom' and 'com.songhaozhi.mayday.mapper.custom.CategoryMapperCustom' mapperInterface
2020-02-27 11:05:22.564 [restartedMain] DEBUG org.mybatis.spring.mapper.ClassPathMapperScanner - Enabling autowire by type for MapperFactoryBean with name 'categoryMapperCustom'.
2020-02-27 11:05:22.564 [restartedMain] DEBUG org.mybatis.spring.mapper.ClassPathMapperScanner - Creating MapperFactoryBean with name 'linkMapperCustom' and 'com.songhaozhi.mayday.mapper.custom.LinkMapperCustom' mapperInterface
2020-02-27 11:05:22.565 [restartedMain] DEBUG org.mybatis.spring.mapper.ClassPathMapperScanner - Enabling autowire by type for MapperFactoryBean with name 'linkMapperCustom'.
2020-02-27 11:05:22.565 [restartedMain] DEBUG org.mybatis.spring.mapper.ClassPathMapperScanner - Creating MapperFactoryBean with name 'logMapperCustom' and 'com.songhaozhi.mayday.mapper.custom.LogMapperCustom' mapperInterface
2020-02-27 11:05:22.565 [restartedMain] DEBUG org.mybatis.spring.mapper.ClassPathMapperScanner - Enabling autowire by type for MapperFactoryBean with name 'logMapperCustom'.
2020-02-27 11:05:22.565 [restartedMain] DEBUG org.mybatis.spring.mapper.ClassPathMapperScanner - Creating MapperFactoryBean with name 'optionsMapperCustom' and 'com.songhaozhi.mayday.mapper.custom.OptionsMapperCustom' mapperInterface
2020-02-27 11:05:22.565 [restartedMain] DEBUG org.mybatis.spring.mapper.ClassPathMapperScanner - Enabling autowire by type for MapperFactoryBean with name 'optionsMapperCustom'.
2020-02-27 11:05:22.565 [restartedMain] DEBUG org.mybatis.spring.mapper.ClassPathMapperScanner - Creating MapperFactoryBean with name 'tagMapperCustom' and 'com.songhaozhi.mayday.mapper.custom.TagMapperCustom' mapperInterface
2020-02-27 11:05:22.565 [restartedMain] DEBUG org.mybatis.spring.mapper.ClassPathMapperScanner - Enabling autowire by type for MapperFactoryBean with name 'tagMapperCustom'.
2020-02-27 11:05:22.565 [restartedMain] DEBUG org.mybatis.spring.mapper.ClassPathMapperScanner - Creating MapperFactoryBean with name 'themeMapperCustom' and 'com.songhaozhi.mayday.mapper.custom.ThemeMapperCustom' mapperInterface
2020-02-27 11:05:22.565 [restartedMain] DEBUG org.mybatis.spring.mapper.ClassPathMapperScanner - Enabling autowire by type for MapperFactoryBean with name 'themeMapperCustom'.
2020-02-27 11:05:22.565 [restartedMain] DEBUG org.mybatis.spring.mapper.ClassPathMapperScanner - Creating MapperFactoryBean with name 'userMapperCustom' and 'com.songhaozhi.mayday.mapper.custom.UserMapperCustom' mapperInterface
2020-02-27 11:05:22.565 [restartedMain] DEBUG org.mybatis.spring.mapper.ClassPathMapperScanner - Enabling autowire by type for MapperFactoryBean with name 'userMapperCustom'.
2020-02-27 11:05:22.566 [restartedMain] DEBUG org.mybatis.spring.mapper.ClassPathMapperScanner - Creating MapperFactoryBean with name 'articleCategoryMapper' and 'com.songhaozhi.mayday.mapper.generator.ArticleCategoryMapper' mapperInterface
2020-02-27 11:05:22.566 [restartedMain] DEBUG org.mybatis.spring.mapper.ClassPathMapperScanner - Enabling autowire by type for MapperFactoryBean with name 'articleCategoryMapper'.
2020-02-27 11:05:22.566 [restartedMain] DEBUG org.mybatis.spring.mapper.ClassPathMapperScanner - Creating MapperFactoryBean with name 'articleMapper' and 'com.songhaozhi.mayday.mapper.generator.ArticleMapper' mapperInterface
2020-02-27 11:05:22.566 [restartedMain] DEBUG org.mybatis.spring.mapper.ClassPathMapperScanner - Enabling autowire by type for MapperFactoryBean with name 'articleMapper'.
2020-02-27 11:05:22.566 [restartedMain] DEBUG org.mybatis.spring.mapper.ClassPathMapperScanner - Creating MapperFactoryBean with name 'articleTagMapper' and 'com.songhaozhi.mayday.mapper.generator.ArticleTagMapper' mapperInterface
2020-02-27 11:05:22.566 [restartedMain] DEBUG org.mybatis.spring.mapper.ClassPathMapperScanner - Enabling autowire by type for MapperFactoryBean with name 'articleTagMapper'.
2020-02-27 11:05:22.566 [restartedMain] DEBUG org.mybatis.spring.mapper.ClassPathMapperScanner - Creating MapperFactoryBean with name 'attachmentMapper' and 'com.songhaozhi.mayday.mapper.generator.AttachmentMapper' mapperInterface
2020-02-27 11:05:22.566 [restartedMain] DEBUG org.mybatis.spring.mapper.ClassPathMapperScanner - Enabling autowire by type for MapperFactoryBean with name 'attachmentMapper'.
2020-02-27 11:05:22.566 [restartedMain] DEBUG org.mybatis.spring.mapper.ClassPathMapperScanner - Creating MapperFactoryBean with name 'backlogMapper' and 'com.songhaozhi.mayday.mapper.generator.BacklogMapper' mapperInterface
2020-02-27 11:05:22.566 [restartedMain] DEBUG org.mybatis.spring.mapper.ClassPathMapperScanner - Enabling autowire by type for MapperFactoryBean with name 'backlogMapper'.
2020-02-27 11:05:22.566 [restartedMain] DEBUG org.mybatis.spring.mapper.ClassPathMapperScanner - Creating MapperFactoryBean with name 'categoryMapper' and 'com.songhaozhi.mayday.mapper.generator.CategoryMapper' mapperInterface
2020-02-27 11:05:22.567 [restartedMain] DEBUG org.mybatis.spring.mapper.ClassPathMapperScanner - Enabling autowire by type for MapperFactoryBean with name 'categoryMapper'.
2020-02-27 11:05:22.567 [restartedMain] DEBUG org.mybatis.spring.mapper.ClassPathMapperScanner - Creating MapperFactoryBean with name 'linkMapper' and 'com.songhaozhi.mayday.mapper.generator.LinkMapper' mapperInterface
2020-02-27 11:05:22.567 [restartedMain] DEBUG org.mybatis.spring.mapper.ClassPathMapperScanner - Enabling autowire by type for MapperFactoryBean with name 'linkMapper'.
2020-02-27 11:05:22.567 [restartedMain] DEBUG org.mybatis.spring.mapper.ClassPathMapperScanner - Creating MapperFactoryBean with name 'logMapper' and 'com.songhaozhi.mayday.mapper.generator.LogMapper' mapperInterface
2020-02-27 11:05:22.567 [restartedMain] DEBUG org.mybatis.spring.mapper.ClassPathMapperScanner - Enabling autowire by type for MapperFactoryBean with name 'logMapper'.
2020-02-27 11:05:22.567 [restartedMain] DEBUG org.mybatis.spring.mapper.ClassPathMapperScanner - Creating MapperFactoryBean with name 'menuMapper' and 'com.songhaozhi.mayday.mapper.generator.MenuMapper' mapperInterface
2020-02-27 11:05:22.567 [restartedMain] DEBUG org.mybatis.spring.mapper.ClassPathMapperScanner - Enabling autowire by type for MapperFactoryBean with name 'menuMapper'.
2020-02-27 11:05:22.567 [restartedMain] DEBUG org.mybatis.spring.mapper.ClassPathMapperScanner - Creating MapperFactoryBean with name 'optionsMapper' and 'com.songhaozhi.mayday.mapper.generator.OptionsMapper' mapperInterface
2020-02-27 11:05:22.567 [restartedMain] DEBUG org.mybatis.spring.mapper.ClassPathMapperScanner - Enabling autowire by type for MapperFactoryBean with name 'optionsMapper'.
2020-02-27 11:05:22.567 [restartedMain] DEBUG org.mybatis.spring.mapper.ClassPathMapperScanner - Creating MapperFactoryBean with name 'tagMapper' and 'com.songhaozhi.mayday.mapper.generator.TagMapper' mapperInterface
2020-02-27 11:05:22.567 [restartedMain] DEBUG org.mybatis.spring.mapper.ClassPathMapperScanner - Enabling autowire by type for MapperFactoryBean with name 'tagMapper'.
2020-02-27 11:05:22.567 [restartedMain] DEBUG org.mybatis.spring.mapper.ClassPathMapperScanner - Creating MapperFactoryBean with name 'themeMapper' and 'com.songhaozhi.mayday.mapper.generator.ThemeMapper' mapperInterface
2020-02-27 11:05:22.568 [restartedMain] DEBUG org.mybatis.spring.mapper.ClassPathMapperScanner - Enabling autowire by type for MapperFactoryBean with name 'themeMapper'.
2020-02-27 11:05:22.568 [restartedMain] DEBUG org.mybatis.spring.mapper.ClassPathMapperScanner - Creating MapperFactoryBean with name 'userMapper' and 'com.songhaozhi.mayday.mapper.generator.UserMapper' mapperInterface
2020-02-27 11:05:22.568 [restartedMain] DEBUG org.mybatis.spring.mapper.ClassPathMapperScanner - Enabling autowire by type for MapperFactoryBean with name 'userMapper'.
2020-02-27 11:05:23.287 [restartedMain] DEBUG org.apache.ibatis.logging.LogFactory - Logging initialized using 'class org.apache.ibatis.logging.slf4j.Slf4jImpl' adapter.
2020-02-27 11:05:23.440 [restartedMain] DEBUG org.apache.ibatis.io.VFS - Using VFS adapter org.mybatis.spring.boot.autoconfigure.SpringBootVFS
2020-02-27 11:05:23.443 [restartedMain] DEBUG org.apache.ibatis.io.ResolverUtil - Checking to see if class com.songhaozhi.mayday.model.domain.Article matches criteria [is assignable to Object]
2020-02-27 11:05:23.443 [restartedMain] DEBUG org.apache.ibatis.io.ResolverUtil - Checking to see if class com.songhaozhi.mayday.model.domain.ArticleCategory matches criteria [is assignable to Object]
2020-02-27 11:05:23.444 [restartedMain] DEBUG org.apache.ibatis.io.ResolverUtil - Checking to see if class com.songhaozhi.mayday.model.domain.ArticleCategoryExample$Criteria matches criteria [is assignable to Object]
2020-02-27 11:05:23.444 [restartedMain] DEBUG org.apache.ibatis.io.ResolverUtil - Checking to see if class com.songhaozhi.mayday.model.domain.ArticleCategoryExample$Criterion matches criteria [is assignable to Object]
2020-02-27 11:05:23.444 [restartedMain] DEBUG org.apache.ibatis.io.ResolverUtil - Checking to see if class com.songhaozhi.mayday.model.domain.ArticleCategoryExample$GeneratedCriteria matches criteria [is assignable to Object]
2020-02-27 11:05:23.444 [restartedMain] DEBUG org.apache.ibatis.io.ResolverUtil - Checking to see if class com.songhaozhi.mayday.model.domain.ArticleCategoryExample matches criteria [is assignable to Object]
2020-02-27 11:05:23.445 [restartedMain] DEBUG org.apache.ibatis.io.ResolverUtil - Checking to see if class com.songhaozhi.mayday.model.domain.ArticleCustom matches criteria [is assignable to Object]
2020-02-27 11:05:23.445 [restartedMain] DEBUG org.apache.ibatis.io.ResolverUtil - Checking to see if class com.songhaozhi.mayday.model.domain.ArticleExample$Criteria matches criteria [is assignable to Object]
2020-02-27 11:05:23.446 [restartedMain] DEBUG org.apache.ibatis.io.ResolverUtil - Checking to see if class com.songhaozhi.mayday.model.domain.ArticleExample$Criterion matches criteria [is assignable to Object]
2020-02-27 11:05:23.446 [restartedMain] DEBUG org.apache.ibatis.io.ResolverUtil - Checking to see if class com.songhaozhi.mayday.model.domain.ArticleExample$GeneratedCriteria matches criteria [is assignable to Object]
2020-02-27 11:05:23.446 [restartedMain] DEBUG org.apache.ibatis.io.ResolverUtil - Checking to see if class com.songhaozhi.mayday.model.domain.ArticleExample matches criteria [is assignable to Object]
2020-02-27 11:05:23.447 [restartedMain] DEBUG org.apache.ibatis.io.ResolverUtil - Checking to see if class com.songhaozhi.mayday.model.domain.ArticleTag matches criteria [is assignable to Object]
2020-02-27 11:05:23.447 [restartedMain] DEBUG org.apache.ibatis.io.ResolverUtil - Checking to see if class com.songhaozhi.mayday.model.domain.ArticleTagExample$Criteria matches criteria [is assignable to Object]
2020-02-27 11:05:23.447 [restartedMain] DEBUG org.apache.ibatis.io.ResolverUtil - Checking to see if class com.songhaozhi.mayday.model.domain.ArticleTagExample$Criterion matches criteria [is assignable to Object]
2020-02-27 11:05:23.447 [restartedMain] DEBUG org.apache.ibatis.io.ResolverUtil - Checking to see if class com.songhaozhi.mayday.model.domain.ArticleTagExample$GeneratedCriteria matches criteria [is assignable to Object]
2020-02-27 11:05:23.447 [restartedMain] DEBUG org.apache.ibatis.io.ResolverUtil - Checking to see if class com.songhaozhi.mayday.model.domain.ArticleTagExample matches criteria [is assignable to Object]
2020-02-27 11:05:23.448 [restartedMain] DEBUG org.apache.ibatis.io.ResolverUtil - Checking to see if class com.songhaozhi.mayday.model.domain.Attachment matches criteria [is assignable to Object]
2020-02-27 11:05:23.448 [restartedMain] DEBUG org.apache.ibatis.io.ResolverUtil - Checking to see if class com.songhaozhi.mayday.model.domain.AttachmentExample$Criteria matches criteria [is assignable to Object]
2020-02-27 11:05:23.449 [restartedMain] DEBUG org.apache.ibatis.io.ResolverUtil - Checking to see if class com.songhaozhi.mayday.model.domain.AttachmentExample$Criterion matches criteria [is assignable to Object]
2020-02-27 11:05:23.449 [restartedMain] DEBUG org.apache.ibatis.io.ResolverUtil - Checking to see if class com.songhaozhi.mayday.model.domain.AttachmentExample$GeneratedCriteria matches criteria [is assignable to Object]
2020-02-27 11:05:23.449 [restartedMain] DEBUG org.apache.ibatis.io.ResolverUtil - Checking to see if class com.songhaozhi.mayday.model.domain.AttachmentExample matches criteria [is assignable to Object]
2020-02-27 11:05:23.449 [restartedMain] DEBUG org.apache.ibatis.io.ResolverUtil - Checking to see if class com.songhaozhi.mayday.model.domain.Backlog matches criteria [is assignable to Object]
2020-02-27 11:05:23.450 [restartedMain] DEBUG org.apache.ibatis.io.ResolverUtil - Checking to see if class com.songhaozhi.mayday.model.domain.Category matches criteria [is assignable to Object]
2020-02-27 11:05:23.450 [restartedMain] DEBUG org.apache.ibatis.io.ResolverUtil - Checking to see if class com.songhaozhi.mayday.model.domain.CategoryExample$Criteria matches criteria [is assignable to Object]
2020-02-27 11:05:23.450 [restartedMain] DEBUG org.apache.ibatis.io.ResolverUtil - Checking to see if class com.songhaozhi.mayday.model.domain.CategoryExample$Criterion matches criteria [is assignable to Object]
2020-02-27 11:05:23.451 [restartedMain] DEBUG org.apache.ibatis.io.ResolverUtil - Checking to see if class com.songhaozhi.mayday.model.domain.CategoryExample$GeneratedCriteria matches criteria [is assignable to Object]
2020-02-27 11:05:23.451 [restartedMain] DEBUG org.apache.ibatis.io.ResolverUtil - Checking to see if class com.songhaozhi.mayday.model.domain.CategoryExample matches criteria [is assignable to Object]
2020-02-27 11:05:23.451 [restartedMain] DEBUG org.apache.ibatis.io.ResolverUtil - Checking to see if class com.songhaozhi.mayday.model.domain.Link matches criteria [is assignable to Object]
2020-02-27 11:05:23.451 [restartedMain] DEBUG org.apache.ibatis.io.ResolverUtil - Checking to see if class com.songhaozhi.mayday.model.domain.LinkExample$Criteria matches criteria [is assignable to Object]
2020-02-27 11:05:23.452 [restartedMain] DEBUG org.apache.ibatis.io.ResolverUtil - Checking to see if class com.songhaozhi.mayday.model.domain.LinkExample$Criterion matches criteria [is assignable to Object]
2020-02-27 11:05:23.453 [restartedMain] DEBUG org.apache.ibatis.io.ResolverUtil - Checking to see if class com.songhaozhi.mayday.model.domain.LinkExample$GeneratedCriteria matches criteria [is assignable to Object]
2020-02-27 11:05:23.454 [restartedMain] DEBUG org.apache.ibatis.io.ResolverUtil - Checking to see if class com.songhaozhi.mayday.model.domain.LinkExample matches criteria [is assignable to Object]
2020-02-27 11:05:23.455 [restartedMain] DEBUG org.apache.ibatis.io.ResolverUtil - Checking to see if class com.songhaozhi.mayday.model.domain.Log matches criteria [is assignable to Object]
2020-02-27 11:05:23.455 [restartedMain] DEBUG org.apache.ibatis.io.ResolverUtil - Checking to see if class com.songhaozhi.mayday.model.domain.LogExample$Criteria matches criteria [is assignable to Object]
2020-02-27 11:05:23.456 [restartedMain] DEBUG org.apache.ibatis.io.ResolverUtil - Checking to see if class com.songhaozhi.mayday.model.domain.LogExample$Criterion matches criteria [is assignable to Object]
2020-02-27 11:05:23.456 [restartedMain] DEBUG org.apache.ibatis.io.ResolverUtil - Checking to see if class com.songhaozhi.mayday.model.domain.LogExample$GeneratedCriteria matches criteria [is assignable to Object]
2020-02-27 11:05:23.457 [restartedMain] DEBUG org.apache.ibatis.io.ResolverUtil - Checking to see if class com.songhaozhi.mayday.model.domain.LogExample matches criteria [is assignable to Object]
2020-02-27 11:05:23.457 [restartedMain] DEBUG org.apache.ibatis.io.ResolverUtil - Checking to see if class com.songhaozhi.mayday.model.domain.Menu matches criteria [is assignable to Object]
2020-02-27 11:05:23.458 [restartedMain] DEBUG org.apache.ibatis.io.ResolverUtil - Checking to see if class com.songhaozhi.mayday.model.domain.MenuExample$Criteria matches criteria [is assignable to Object]
2020-02-27 11:05:23.459 [restartedMain] DEBUG org.apache.ibatis.io.ResolverUtil - Checking to see if class com.songhaozhi.mayday.model.domain.MenuExample$Criterion matches criteria [is assignable to Object]
2020-02-27 11:05:23.460 [restartedMain] DEBUG org.apache.ibatis.io.ResolverUtil - Checking to see if class com.songhaozhi.mayday.model.domain.MenuExample$GeneratedCriteria matches criteria [is assignable to Object]
2020-02-27 11:05:23.460 [restartedMain] DEBUG org.apache.ibatis.io.ResolverUtil - Checking to see if class com.songhaozhi.mayday.model.domain.MenuExample matches criteria [is assignable to Object]
2020-02-27 11:05:23.460 [restartedMain] DEBUG org.apache.ibatis.io.ResolverUtil - Checking to see if class com.songhaozhi.mayday.model.domain.Options matches criteria [is assignable to Object]
2020-02-27 11:05:23.460 [restartedMain] DEBUG org.apache.ibatis.io.ResolverUtil - Checking to see if class com.songhaozhi.mayday.model.domain.OptionsExample$Criteria matches criteria [is assignable to Object]
2020-02-27 11:05:23.460 [restartedMain] DEBUG org.apache.ibatis.io.ResolverUtil - Checking to see if class com.songhaozhi.mayday.model.domain.OptionsExample$Criterion matches criteria [is assignable to Object]
2020-02-27 11:05:23.461 [restartedMain] DEBUG org.apache.ibatis.io.ResolverUtil - Checking to see if class com.songhaozhi.mayday.model.domain.OptionsExample$GeneratedCriteria matches criteria [is assignable to Object]
2020-02-27 11:05:23.461 [restartedMain] DEBUG org.apache.ibatis.io.ResolverUtil - Checking to see if class com.songhaozhi.mayday.model.domain.OptionsExample matches criteria [is assignable to Object]
2020-02-27 11:05:23.461 [restartedMain] DEBUG org.apache.ibatis.io.ResolverUtil - Checking to see if class com.songhaozhi.mayday.model.domain.Tag matches criteria [is assignable to Object]
2020-02-27 11:05:23.461 [restartedMain] DEBUG org.apache.ibatis.io.ResolverUtil - Checking to see if class com.songhaozhi.mayday.model.domain.TagExample$Criteria matches criteria [is assignable to Object]
2020-02-27 11:05:23.462 [restartedMain] DEBUG org.apache.ibatis.io.ResolverUtil - Checking to see if class com.songhaozhi.mayday.model.domain.TagExample$Criterion matches criteria [is assignable to Object]
2020-02-27 11:05:23.462 [restartedMain] DEBUG org.apache.ibatis.io.ResolverUtil - Checking to see if class com.songhaozhi.mayday.model.domain.TagExample$GeneratedCriteria matches criteria [is assignable to Object]
2020-02-27 11:05:23.462 [restartedMain] DEBUG org.apache.ibatis.io.ResolverUtil - Checking to see if class com.songhaozhi.mayday.model.domain.TagExample matches criteria [is assignable to Object]
2020-02-27 11:05:23.462 [restartedMain] DEBUG org.apache.ibatis.io.ResolverUtil - Checking to see if class com.songhaozhi.mayday.model.domain.Theme matches criteria [is assignable to Object]
2020-02-27 11:05:23.462 [restartedMain] DEBUG org.apache.ibatis.io.ResolverUtil - Checking to see if class com.songhaozhi.mayday.model.domain.ThemeExample$Criteria matches criteria [is assignable to Object]
2020-02-27 11:05:23.463 [restartedMain] DEBUG org.apache.ibatis.io.ResolverUtil - Checking to see if class com.songhaozhi.mayday.model.domain.ThemeExample$Criterion matches criteria [is assignable to Object]
2020-02-27 11:05:23.463 [restartedMain] DEBUG org.apache.ibatis.io.ResolverUtil - Checking to see if class com.songhaozhi.mayday.model.domain.ThemeExample$GeneratedCriteria matches criteria [is assignable to Object]
2020-02-27 11:05:23.463 [restartedMain] DEBUG org.apache.ibatis.io.ResolverUtil - Checking to see if class com.songhaozhi.mayday.model.domain.ThemeExample matches criteria [is assignable to Object]
2020-02-27 11:05:23.463 [restartedMain] DEBUG org.apache.ibatis.io.ResolverUtil - Checking to see if class com.songhaozhi.mayday.model.domain.User matches criteria [is assignable to Object]
2020-02-27 11:05:23.464 [restartedMain] DEBUG org.apache.ibatis.io.ResolverUtil - Checking to see if class com.songhaozhi.mayday.model.domain.UserExample$Criteria matches criteria [is assignable to Object]
2020-02-27 11:05:23.464 [restartedMain] DEBUG org.apache.ibatis.io.ResolverUtil - Checking to see if class com.songhaozhi.mayday.model.domain.UserExample$Criterion matches criteria [is assignable to Object]
2020-02-27 11:05:23.465 [restartedMain] DEBUG org.apache.ibatis.io.ResolverUtil - Checking to see if class com.songhaozhi.mayday.model.domain.UserExample$GeneratedCriteria matches criteria [is assignable to Object]
2020-02-27 11:05:23.465 [restartedMain] DEBUG org.apache.ibatis.io.ResolverUtil - Checking to see if class com.songhaozhi.mayday.model.domain.UserExample matches criteria [is assignable to Object]
2020-02-27 11:05:23.466 [restartedMain] DEBUG org.mybatis.spring.SqlSessionFactoryBean - Scanned package: 'com.songhaozhi.mayday.model.domain' for aliases
2020-02-27 11:05:23.547 [restartedMain] DEBUG org.mybatis.spring.SqlSessionFactoryBean - Parsed mapper file: 'file [/Users/littlehippo/mayday/target/classes/mapper/custom/ArticleMapperCustom.xml]'
2020-02-27 11:05:23.554 [restartedMain] DEBUG org.mybatis.spring.SqlSessionFactoryBean - Parsed mapper file: 'file [/Users/littlehippo/mayday/target/classes/mapper/custom/CategoryMapperCustom.xml]'
2020-02-27 11:05:23.560 [restartedMain] DEBUG org.mybatis.spring.SqlSessionFactoryBean - Parsed mapper file: 'file [/Users/littlehippo/mayday/target/classes/mapper/custom/LinkMapperCustom.xml]'
2020-02-27 11:05:23.566 [restartedMain] DEBUG org.mybatis.spring.SqlSessionFactoryBean - Parsed mapper file: 'file [/Users/littlehippo/mayday/target/classes/mapper/custom/LogMapperCustom.xml]'
2020-02-27 11:05:23.574 [restartedMain] DEBUG org.mybatis.spring.SqlSessionFactoryBean - Parsed mapper file: 'file [/Users/littlehippo/mayday/target/classes/mapper/custom/OptionsMapperCustom.xml]'
2020-02-27 11:05:23.580 [restartedMain] DEBUG org.mybatis.spring.SqlSessionFactoryBean - Parsed mapper file: 'file [/Users/littlehippo/mayday/target/classes/mapper/custom/TagMapperCustom.xml]'
2020-02-27 11:05:23.588 [restartedMain] DEBUG org.mybatis.spring.SqlSessionFactoryBean - Parsed mapper file: 'file [/Users/littlehippo/mayday/target/classes/mapper/custom/ThemeMapperCustom.xml]'
2020-02-27 11:05:23.594 [restartedMain] DEBUG org.mybatis.spring.SqlSessionFactoryBean - Parsed mapper file: 'file [/Users/littlehippo/mayday/target/classes/mapper/custom/UserMapperCustom.xml]'
2020-02-27 11:05:23.614 [restartedMain] DEBUG org.mybatis.spring.SqlSessionFactoryBean - Parsed mapper file: 'file [/Users/littlehippo/mayday/target/classes/mapper/generator/ArticleCategoryMapper.xml]'
2020-02-27 11:05:23.629 [restartedMain] DEBUG org.mybatis.spring.SqlSessionFactoryBean - Parsed mapper file: 'file [/Users/littlehippo/mayday/target/classes/mapper/generator/ArticleMapper.xml]'
2020-02-27 11:05:23.640 [restartedMain] DEBUG org.mybatis.spring.SqlSessionFactoryBean - Parsed mapper file: 'file [/Users/littlehippo/mayday/target/classes/mapper/generator/ArticleTagMapper.xml]'
2020-02-27 11:05:23.651 [restartedMain] DEBUG org.mybatis.spring.SqlSessionFactoryBean - Parsed mapper file: 'file [/Users/littlehippo/mayday/target/classes/mapper/generator/AttachmentMapper.xml]'
2020-02-27 11:05:23.656 [restartedMain] DEBUG org.mybatis.spring.SqlSessionFactoryBean - Parsed mapper file: 'file [/Users/littlehippo/mayday/target/classes/mapper/generator/BacklogMapper.xml]'
2020-02-27 11:05:23.665 [restartedMain] DEBUG org.mybatis.spring.SqlSessionFactoryBean - Parsed mapper file: 'file [/Users/littlehippo/mayday/target/classes/mapper/generator/CategoryMapper.xml]'
2020-02-27 11:05:23.675 [restartedMain] DEBUG org.mybatis.spring.SqlSessionFactoryBean - Parsed mapper file: 'file [/Users/littlehippo/mayday/target/classes/mapper/generator/LinkMapper.xml]'
2020-02-27 11:05:23.683 [restartedMain] DEBUG org.mybatis.spring.SqlSessionFactoryBean - Parsed mapper file: 'file [/Users/littlehippo/mayday/target/classes/mapper/generator/LogMapper.xml]'
2020-02-27 11:05:23.691 [restartedMain] DEBUG org.mybatis.spring.SqlSessionFactoryBean - Parsed mapper file: 'file [/Users/littlehippo/mayday/target/classes/mapper/generator/MenuMapper.xml]'
2020-02-27 11:05:23.698 [restartedMain] DEBUG org.mybatis.spring.SqlSessionFactoryBean - Parsed mapper file: 'file [/Users/littlehippo/mayday/target/classes/mapper/generator/OptionsMapper.xml]'
2020-02-27 11:05:23.705 [restartedMain] DEBUG org.mybatis.spring.SqlSessionFactoryBean - Parsed mapper file: 'file [/Users/littlehippo/mayday/target/classes/mapper/generator/TagMapper.xml]'
2020-02-27 11:05:23.712 [restartedMain] DEBUG org.mybatis.spring.SqlSessionFactoryBean - Parsed mapper file: 'file [/Users/littlehippo/mayday/target/classes/mapper/generator/ThemeMapper.xml]'
2020-02-27 11:05:23.718 [restartedMain] DEBUG org.mybatis.spring.SqlSessionFactoryBean - Parsed mapper file: 'file [/Users/littlehippo/mayday/target/classes/mapper/generator/UserMapper.xml]'
2020-02-27 11:05:24.511 [restartedMain] DEBUG o.h.v.i.engine.resolver.TraversableResolvers - Cannot find javax.persistence.Persistence on classpath. Assuming non JPA 2 environment. All properties will per default be traversable.
2020-02-27 11:05:24.511 [restartedMain] DEBUG o.h.v.m.ResourceBundleMessageInterpolator - Loaded expression factory via original TCCL
2020-02-27 11:05:24.518 [restartedMain] DEBUG o.h.v.i.engine.resolver.TraversableResolvers - Cannot find javax.persistence.Persistence on classpath. Assuming non JPA 2 environment. All properties will per default be traversable.
2020-02-27 11:05:24.519 [restartedMain] DEBUG o.h.validator.internal.engine.ConfigurationImpl - Setting custom MessageInterpolator of type org.springframework.validation.beanvalidation.LocaleContextMessageInterpolator
2020-02-27 11:05:24.519 [restartedMain] DEBUG o.h.validator.internal.engine.ConfigurationImpl - Setting custom ConstraintValidatorFactory of type org.springframework.validation.beanvalidation.SpringConstraintValidatorFactory
2020-02-27 11:05:24.520 [restartedMain] DEBUG o.h.validator.internal.engine.ConfigurationImpl - Setting custom ParameterNameProvider of type org.springframework.validation.beanvalidation.LocalValidatorFactoryBean$1
2020-02-27 11:05:24.520 [restartedMain] DEBUG o.h.v.internal.xml.config.ValidationXmlParser - Trying to load META-INF/validation.xml for XML based Validator configuration.
2020-02-27 11:05:24.520 [restartedMain] DEBUG o.h.v.internal.xml.config.ResourceLoaderHelper - Trying to load META-INF/validation.xml via user class loader
2020-02-27 11:05:24.521 [restartedMain] DEBUG o.h.v.internal.xml.config.ResourceLoaderHelper - Trying to load META-INF/validation.xml via TCCL
2020-02-27 11:05:24.521 [restartedMain] DEBUG o.h.v.internal.xml.config.ResourceLoaderHelper - Trying to load META-INF/validation.xml via Hibernate Validator's class loader
2020-02-27 11:05:24.521 [restartedMain] DEBUG o.h.v.internal.xml.config.ValidationXmlParser - No META-INF/validation.xml found. Using annotation based configuration only.
2020-02-27 11:05:24.524 [restartedMain] DEBUG o.h.validator.internal.engine.ValidatorFactoryImpl - HV000234: Using org.springframework.validation.beanvalidation.LocaleContextMessageInterpolator as ValidatorFactory-scoped message interpolator.
2020-02-27 11:05:24.525 [restartedMain] DEBUG o.h.validator.internal.engine.ValidatorFactoryImpl - HV000234: Using org.hibernate.validator.internal.engine.resolver.TraverseAllTraversableResolver as ValidatorFactory-scoped traversable resolver.
2020-02-27 11:05:24.525 [restartedMain] DEBUG o.h.validator.internal.engine.ValidatorFactoryImpl - HV000234: Using org.hibernate.validator.internal.util.ExecutableParameterNameProvider as ValidatorFactory-scoped parameter name provider.
2020-02-27 11:05:24.525 [restartedMain] DEBUG o.h.validator.internal.engine.ValidatorFactoryImpl - HV000234: Using org.hibernate.validator.internal.engine.DefaultClockProvider as ValidatorFactory-scoped clock provider.
2020-02-27 11:05:24.525 [restartedMain] DEBUG o.h.validator.internal.engine.ValidatorFactoryImpl - HV000234: Using org.hibernate.validator.internal.engine.scripting.DefaultScriptEvaluatorFactory as ValidatorFactory-scoped script evaluator factory.
2020-02-27 11:05:25.754 [restartedMain] DEBUG org.mybatis.spring.SqlSessionUtils - Creating a new SqlSession
2020-02-27 11:05:25.759 [restartedMain] DEBUG org.mybatis.spring.SqlSessionUtils - Registering transaction synchronization for SqlSession [org.apache.ibatis.session.defaults.DefaultSqlSession@58ccd9b8]
2020-02-27 11:05:25.776 [restartedMain] DEBUG o.m.spring.transaction.SpringManagedTransaction - JDBC Connection [com.mysql.jdbc.JDBC4Connection@3c2857] will be managed by Spring
2020-02-27 11:05:25.778 [restartedMain] DEBUG c.s.m.m.generator.OptionsMapper.selectByExample - ==>  Preparing: select 'true' as QUERYID, option_name, option_value from mayday_options 
2020-02-27 11:05:25.792 [restartedMain] DEBUG c.s.m.m.generator.OptionsMapper.selectByExample - ==> Parameters: 
2020-02-27 11:05:25.803 [restartedMain] DEBUG c.s.m.m.generator.OptionsMapper.selectByExample - <==      Total: 6
2020-02-27 11:05:25.803 [restartedMain] DEBUG org.mybatis.spring.SqlSessionUtils - Releasing transactional SqlSession [org.apache.ibatis.session.defaults.DefaultSqlSession@58ccd9b8]
2020-02-27 11:05:25.804 [restartedMain] DEBUG org.mybatis.spring.SqlSessionUtils - Transaction synchronization committing SqlSession [org.apache.ibatis.session.defaults.DefaultSqlSession@58ccd9b8]
2020-02-27 11:05:25.804 [restartedMain] DEBUG org.mybatis.spring.SqlSessionUtils - Transaction synchronization deregistering SqlSession [org.apache.ibatis.session.defaults.DefaultSqlSession@58ccd9b8]
2020-02-27 11:05:25.804 [restartedMain] DEBUG org.mybatis.spring.SqlSessionUtils - Transaction synchronization closing SqlSession [org.apache.ibatis.session.defaults.DefaultSqlSession@58ccd9b8]
2020-02-27 11:05:25.809 [restartedMain] DEBUG org.mybatis.spring.SqlSessionUtils - Creating a new SqlSession
2020-02-27 11:05:25.809 [restartedMain] DEBUG org.mybatis.spring.SqlSessionUtils - Registering transaction synchronization for SqlSession [org.apache.ibatis.session.defaults.DefaultSqlSession@107ec3c0]
2020-02-27 11:05:25.812 [restartedMain] DEBUG o.m.spring.transaction.SpringManagedTransaction - JDBC Connection [com.mysql.jdbc.JDBC4Connection@3c2857] will be managed by Spring
2020-02-27 11:05:25.812 [restartedMain] DEBUG c.s.m.mapper.generator.MenuMapper.selectByExample - ==>  Preparing: select 'true' as QUERYID, menu_id, menu_icon, menu_name, menu_sort, menu_target, menu_url from mayday_menu order by menu_sort 
2020-02-27 11:05:25.812 [restartedMain] DEBUG c.s.m.mapper.generator.MenuMapper.selectByExample - ==> Parameters: 
2020-02-27 11:05:25.815 [restartedMain] DEBUG c.s.m.mapper.generator.MenuMapper.selectByExample - <==      Total: 5
2020-02-27 11:05:25.815 [restartedMain] DEBUG org.mybatis.spring.SqlSessionUtils - Releasing transactional SqlSession [org.apache.ibatis.session.defaults.DefaultSqlSession@107ec3c0]
2020-02-27 11:05:25.816 [restartedMain] DEBUG org.mybatis.spring.SqlSessionUtils - Fetched SqlSession [org.apache.ibatis.session.defaults.DefaultSqlSession@107ec3c0] from current transaction
2020-02-27 11:05:25.816 [restartedMain] DEBUG c.s.m.mapper.generator.BacklogMapper.selectBacklog - ==>  Preparing: select id,backlog_id,backlog_name,time,state from mayday_backlog WHERE state=? 
2020-02-27 11:05:25.817 [restartedMain] DEBUG c.s.m.mapper.generator.BacklogMapper.selectBacklog - ==> Parameters: 0(Integer)
2020-02-27 11:05:25.819 [restartedMain] DEBUG c.s.m.mapper.generator.BacklogMapper.selectBacklog - <==      Total: 0
2020-02-27 11:05:25.819 [restartedMain] DEBUG org.mybatis.spring.SqlSessionUtils - Releasing transactional SqlSession [org.apache.ibatis.session.defaults.DefaultSqlSession@107ec3c0]
2020-02-27 11:05:25.819 [restartedMain] DEBUG org.mybatis.spring.SqlSessionUtils - Transaction synchronization committing SqlSession [org.apache.ibatis.session.defaults.DefaultSqlSession@107ec3c0]
2020-02-27 11:05:25.819 [restartedMain] DEBUG org.mybatis.spring.SqlSessionUtils - Transaction synchronization deregistering SqlSession [org.apache.ibatis.session.defaults.DefaultSqlSession@107ec3c0]
2020-02-27 11:05:25.819 [restartedMain] DEBUG org.mybatis.spring.SqlSessionUtils - Transaction synchronization closing SqlSession [org.apache.ibatis.session.defaults.DefaultSqlSession@107ec3c0]
2020-02-27 11:05:25.824 [restartedMain] DEBUG org.mybatis.spring.SqlSessionUtils - Creating a new SqlSession
2020-02-27 11:05:25.825 [restartedMain] DEBUG org.mybatis.spring.SqlSessionUtils - Registering transaction synchronization for SqlSession [org.apache.ibatis.session.defaults.DefaultSqlSession@54ae8127]
2020-02-27 11:05:25.830 [restartedMain] DEBUG o.m.spring.transaction.SpringManagedTransaction - JDBC Connection [com.mysql.jdbc.JDBC4Connection@3c2857] will be managed by Spring
2020-02-27 11:05:25.831 [restartedMain] DEBUG c.s.m.mapper.generator.ThemeMapper.selectByExample - ==>  Preparing: select 'true' as QUERYID, id, theme_name, theme_describe, theme_img, theme_status, create_time from mayday_theme WHERE ( theme_status = ? ) 
2020-02-27 11:05:25.831 [restartedMain] DEBUG c.s.m.mapper.generator.ThemeMapper.selectByExample - ==> Parameters: 1(Integer)
2020-02-27 11:05:25.832 [restartedMain] DEBUG c.s.m.mapper.generator.ThemeMapper.selectByExample - <==      Total: 1
2020-02-27 11:05:25.833 [restartedMain] DEBUG org.mybatis.spring.SqlSessionUtils - Releasing transactional SqlSession [org.apache.ibatis.session.defaults.DefaultSqlSession@54ae8127]
2020-02-27 11:05:25.833 [restartedMain] DEBUG org.mybatis.spring.SqlSessionUtils - Transaction synchronization committing SqlSession [org.apache.ibatis.session.defaults.DefaultSqlSession@54ae8127]
2020-02-27 11:05:25.833 [restartedMain] DEBUG org.mybatis.spring.SqlSessionUtils - Transaction synchronization deregistering SqlSession [org.apache.ibatis.session.defaults.DefaultSqlSession@54ae8127]
2020-02-27 11:05:25.833 [restartedMain] DEBUG org.mybatis.spring.SqlSessionUtils - Transaction synchronization closing SqlSession [org.apache.ibatis.session.defaults.DefaultSqlSession@54ae8127]
