2020-02-27 11:05:21.227 [restartedMain] INFO  com.Application - Starting Application on lihaoMBP with PID 90675 (/Users/littlehippo/mayday/target/classes started by littlehippo in /Users/littlehippo/mayday)
2020-02-27 11:05:21.229 [restartedMain] DEBUG com.Application - Running with Spring Boot v2.0.4.RELEASE, Spring v5.0.8.RELEASE
2020-02-27 11:05:21.231 [restartedMain] INFO  com.Application - No active profile set, falling back to default profiles: default
2020-02-27 11:05:21.282 [restartedMain] INFO  o.s.b.w.s.c.AnnotationConfigServletWebServerApplicationContext - Refreshing org.springframework.boot.web.servlet.context.AnnotationConfigServletWebServerApplicationContext@4cc472e3: startup date [Thu Feb 27 11:05:21 CST 2020]; root of context hierarchy
2020-02-27 11:05:22.560 [restartedMain] DEBUG org.mybatis.spring.mapper.ClassPathMapperScanner - Identified candidate component class: file [/Users/littlehippo/mayday/target/classes/com/songhaozhi/mayday/mapper/custom/ArticleMapperCustom.class]
2020-02-27 11:05:22.560 [restartedMain] DEBUG org.mybatis.spring.mapper.ClassPathMapperScanner - Identified candidate component class: file [/Users/littlehippo/mayday/target/classes/com/songhaozhi/mayday/mapper/custom/CategoryMapperCustom.class]
2020-02-27 11:05:22.560 [restartedMain] DEBUG org.mybatis.spring.mapper.ClassPathMapperScanner - Identified candidate component class: file [/Users/littlehippo/mayday/target/classes/com/songhaozhi/mayday/mapper/custom/LinkMapperCustom.class]
2020-02-27 11:05:22.561 [restartedMain] DEBUG org.mybatis.spring.mapper.ClassPathMapperScanner - Identified candidate component class: file [/Users/littlehippo/mayday/target/classes/com/songhaozhi/mayday/mapper/custom/LogMapperCustom.class]
2020-02-27 11:05:22.561 [restartedMain] DEBUG org.mybatis.spring.mapper.ClassPathMapperScanner - Identified candidate component class: file [/Users/littlehippo/mayday/target/classes/com/songhaozhi/mayday/mapper/custom/OptionsMapperCustom.class]
2020-02-27 11:05:22.561 [restartedMain] DEBUG org.mybatis.spring.mapper.ClassPathMapperScanner - Identified candidate component class: file [/Users/littlehippo/mayday/target/classes/com/songhaozhi/mayday/mapper/custom/TagMapperCustom.class]
2020-02-27 11:05:22.561 [restartedMain] DEBUG org.mybatis.spring.mapper.ClassPathMapperScanner - Identified candidate component class: file [/Users/littlehippo/mayday/target/classes/com/songhaozhi/mayday/mapper/custom/ThemeMapperCustom.class]
2020-02-27 11:05:22.561 [restartedMain] DEBUG org.mybatis.spring.mapper.ClassPathMapperScanner - Identified candidate component class: file [/Users/littlehippo/mayday/target/classes/com/songhaozhi/mayday/mapper/custom/UserMapperCustom.class]
2020-02-27 11:05:22.561 [restartedMain] DEBUG org.mybatis.spring.mapper.ClassPathMapperScanner - Identified candidate component class: file [/Users/littlehippo/mayday/target/classes/com/songhaozhi/mayday/mapper/generator/ArticleCategoryMapper.class]
2020-02-27 11:05:22.562 [restartedMain] DEBUG org.mybatis.spring.mapper.ClassPathMapperScanner - Identified candidate component class: file [/Users/littlehippo/mayday/target/classes/com/songhaozhi/mayday/mapper/generator/ArticleMapper.class]
2020-02-27 11:05:22.562 [restartedMain] DEBUG org.mybatis.spring.mapper.ClassPathMapperScanner - Identified candidate component class: file [/Users/littlehippo/mayday/target/classes/com/songhaozhi/mayday/mapper/generator/ArticleTagMapper.class]
2020-02-27 11:05:22.562 [restartedMain] DEBUG org.mybatis.spring.mapper.ClassPathMapperScanner - Identified candidate component class: file [/Users/littlehippo/mayday/target/classes/com/songhaozhi/mayday/mapper/generator/AttachmentMapper.class]
2020-02-27 11:05:22.562 [restartedMain] DEBUG org.mybatis.spring.mapper.ClassPathMapperScanner - Identified candidate component class: file [/Users/littlehippo/mayday/target/classes/com/songhaozhi/mayday/mapper/generator/BacklogMapper.class]
2020-02-27 11:05:22.562 [restartedMain] DEBUG org.mybatis.spring.mapper.ClassPathMapperScanner - Identified candidate component class: file [/Users/littlehippo/mayday/target/classes/com/songhaozhi/mayday/mapper/generator/CategoryMapper.class]
2020-02-27 11:05:22.562 [restartedMain] DEBUG org.mybatis.spring.mapper.ClassPathMapperScanner - Identified candidate component class: file [/Users/littlehippo/mayday/target/classes/com/songhaozhi/mayday/mapper/generator/LinkMapper.class]
2020-02-27 11:05:22.563 [restartedMain] DEBUG org.mybatis.spring.mapper.ClassPathMapperScanner - Identified candidate component class: file [/Users/littlehippo/mayday/target/classes/com/songhaozhi/mayday/mapper/generator/LogMapper.class]
2020-02-27 11:05:22.563 [restartedMain] DEBUG org.mybatis.spring.mapper.ClassPathMapperScanner - Identified candidate component class: file [/Users/littlehippo/mayday/target/classes/com/songhaozhi/mayday/mapper/generator/MenuMapper.class]
2020-02-27 11:05:22.563 [restartedMain] DEBUG org.mybatis.spring.mapper.ClassPathMapperScanner - Identified candidate component class: file [/Users/littlehippo/mayday/target/classes/com/songhaozhi/mayday/mapper/generator/OptionsMapper.class]
2020-02-27 11:05:22.563 [restartedMain] DEBUG org.mybatis.spring.mapper.ClassPathMapperScanner - Identified candidate component class: file [/Users/littlehippo/mayday/target/classes/com/songhaozhi/mayday/mapper/generator/TagMapper.class]
2020-02-27 11:05:22.563 [restartedMain] DEBUG org.mybatis.spring.mapper.ClassPathMapperScanner - Identified candidate component class: file [/Users/littlehippo/mayday/target/classes/com/songhaozhi/mayday/mapper/generator/ThemeMapper.class]
2020-02-27 11:05:22.563 [restartedMain] DEBUG org.mybatis.spring.mapper.ClassPathMapperScanner - Identified candidate component class: file [/Users/littlehippo/mayday/target/classes/com/songhaozhi/mayday/mapper/generator/UserMapper.class]
2020-02-27 11:05:22.564 [restartedMain] DEBUG org.mybatis.spring.mapper.ClassPathMapperScanner - Creating MapperFactoryBean with name 'articleMapperCustom' and 'com.songhaozhi.mayday.mapper.custom.ArticleMapperCustom' mapperInterface
2020-02-27 11:05:22.564 [restartedMain] DEBUG org.mybatis.spring.mapper.ClassPathMapperScanner - Enabling autowire by type for MapperFactoryBean with name 'articleMapperCustom'.
2020-02-27 11:05:22.564 [restartedMain] DEBUG org.mybatis.spring.mapper.ClassPathMapperScanner - Creating MapperFactoryBean with name 'categoryMapperCustom' and 'com.songhaozhi.mayday.mapper.custom.CategoryMapperCustom' mapperInterface
2020-02-27 11:05:22.564 [restartedMain] DEBUG org.mybatis.spring.mapper.ClassPathMapperScanner - Enabling autowire by type for MapperFactoryBean with name 'categoryMapperCustom'.
2020-02-27 11:05:22.564 [restartedMain] DEBUG org.mybatis.spring.mapper.ClassPathMapperScanner - Creating MapperFactoryBean with name 'linkMapperCustom' and 'com.songhaozhi.mayday.mapper.custom.LinkMapperCustom' mapperInterface
2020-02-27 11:05:22.565 [restartedMain] DEBUG org.mybatis.spring.mapper.ClassPathMapperScanner - Enabling autowire by type for MapperFactoryBean with name 'linkMapperCustom'.
2020-02-27 11:05:22.565 [restartedMain] DEBUG org.mybatis.spring.mapper.ClassPathMapperScanner - Creating MapperFactoryBean with name 'logMapperCustom' and 'com.songhaozhi.mayday.mapper.custom.LogMapperCustom' mapperInterface
2020-02-27 11:05:22.565 [restartedMain] DEBUG org.mybatis.spring.mapper.ClassPathMapperScanner - Enabling autowire by type for MapperFactoryBean with name 'logMapperCustom'.
2020-02-27 11:05:22.565 [restartedMain] DEBUG org.mybatis.spring.mapper.ClassPathMapperScanner - Creating MapperFactoryBean with name 'optionsMapperCustom' and 'com.songhaozhi.mayday.mapper.custom.OptionsMapperCustom' mapperInterface
2020-02-27 11:05:22.565 [restartedMain] DEBUG org.mybatis.spring.mapper.ClassPathMapperScanner - Enabling autowire by type for MapperFactoryBean with name 'optionsMapperCustom'.
2020-02-27 11:05:22.565 [restartedMain] DEBUG org.mybatis.spring.mapper.ClassPathMapperScanner - Creating MapperFactoryBean with name 'tagMapperCustom' and 'com.songhaozhi.mayday.mapper.custom.TagMapperCustom' mapperInterface
2020-02-27 11:05:22.565 [restartedMain] DEBUG org.mybatis.spring.mapper.ClassPathMapperScanner - Enabling autowire by type for MapperFactoryBean with name 'tagMapperCustom'.
2020-02-27 11:05:22.565 [restartedMain] DEBUG org.mybatis.spring.mapper.ClassPathMapperScanner - Creating MapperFactoryBean with name 'themeMapperCustom' and 'com.songhaozhi.mayday.mapper.custom.ThemeMapperCustom' mapperInterface
2020-02-27 11:05:22.565 [restartedMain] DEBUG org.mybatis.spring.mapper.ClassPathMapperScanner - Enabling autowire by type for MapperFactoryBean with name 'themeMapperCustom'.
2020-02-27 11:05:22.565 [restartedMain] DEBUG org.mybatis.spring.mapper.ClassPathMapperScanner - Creating MapperFactoryBean with name 'userMapperCustom' and 'com.songhaozhi.mayday.mapper.custom.UserMapperCustom' mapperInterface
2020-02-27 11:05:22.565 [restartedMain] DEBUG org.mybatis.spring.mapper.ClassPathMapperScanner - Enabling autowire by type for MapperFactoryBean with name 'userMapperCustom'.
2020-02-27 11:05:22.566 [restartedMain] DEBUG org.mybatis.spring.mapper.ClassPathMapperScanner - Creating MapperFactoryBean with name 'articleCategoryMapper' and 'com.songhaozhi.mayday.mapper.generator.ArticleCategoryMapper' mapperInterface
2020-02-27 11:05:22.566 [restartedMain] DEBUG org.mybatis.spring.mapper.ClassPathMapperScanner - Enabling autowire by type for MapperFactoryBean with name 'articleCategoryMapper'.
2020-02-27 11:05:22.566 [restartedMain] DEBUG org.mybatis.spring.mapper.ClassPathMapperScanner - Creating MapperFactoryBean with name 'articleMapper' and 'com.songhaozhi.mayday.mapper.generator.ArticleMapper' mapperInterface
2020-02-27 11:05:22.566 [restartedMain] DEBUG org.mybatis.spring.mapper.ClassPathMapperScanner - Enabling autowire by type for MapperFactoryBean with name 'articleMapper'.
2020-02-27 11:05:22.566 [restartedMain] DEBUG org.mybatis.spring.mapper.ClassPathMapperScanner - Creating MapperFactoryBean with name 'articleTagMapper' and 'com.songhaozhi.mayday.mapper.generator.ArticleTagMapper' mapperInterface
2020-02-27 11:05:22.566 [restartedMain] DEBUG org.mybatis.spring.mapper.ClassPathMapperScanner - Enabling autowire by type for MapperFactoryBean with name 'articleTagMapper'.
2020-02-27 11:05:22.566 [restartedMain] DEBUG org.mybatis.spring.mapper.ClassPathMapperScanner - Creating MapperFactoryBean with name 'attachmentMapper' and 'com.songhaozhi.mayday.mapper.generator.AttachmentMapper' mapperInterface
2020-02-27 11:05:22.566 [restartedMain] DEBUG org.mybatis.spring.mapper.ClassPathMapperScanner - Enabling autowire by type for MapperFactoryBean with name 'attachmentMapper'.
2020-02-27 11:05:22.566 [restartedMain] DEBUG org.mybatis.spring.mapper.ClassPathMapperScanner - Creating MapperFactoryBean with name 'backlogMapper' and 'com.songhaozhi.mayday.mapper.generator.BacklogMapper' mapperInterface
2020-02-27 11:05:22.566 [restartedMain] DEBUG org.mybatis.spring.mapper.ClassPathMapperScanner - Enabling autowire by type for MapperFactoryBean with name 'backlogMapper'.
2020-02-27 11:05:22.566 [restartedMain] DEBUG org.mybatis.spring.mapper.ClassPathMapperScanner - Creating MapperFactoryBean with name 'categoryMapper' and 'com.songhaozhi.mayday.mapper.generator.CategoryMapper' mapperInterface
2020-02-27 11:05:22.567 [restartedMain] DEBUG org.mybatis.spring.mapper.ClassPathMapperScanner - Enabling autowire by type for MapperFactoryBean with name 'categoryMapper'.
2020-02-27 11:05:22.567 [restartedMain] DEBUG org.mybatis.spring.mapper.ClassPathMapperScanner - Creating MapperFactoryBean with name 'linkMapper' and 'com.songhaozhi.mayday.mapper.generator.LinkMapper' mapperInterface
2020-02-27 11:05:22.567 [restartedMain] DEBUG org.mybatis.spring.mapper.ClassPathMapperScanner - Enabling autowire by type for MapperFactoryBean with name 'linkMapper'.
2020-02-27 11:05:22.567 [restartedMain] DEBUG org.mybatis.spring.mapper.ClassPathMapperScanner - Creating MapperFactoryBean with name 'logMapper' and 'com.songhaozhi.mayday.mapper.generator.LogMapper' mapperInterface
2020-02-27 11:05:22.567 [restartedMain] DEBUG org.mybatis.spring.mapper.ClassPathMapperScanner - Enabling autowire by type for MapperFactoryBean with name 'logMapper'.
2020-02-27 11:05:22.567 [restartedMain] DEBUG org.mybatis.spring.mapper.ClassPathMapperScanner - Creating MapperFactoryBean with name 'menuMapper' and 'com.songhaozhi.mayday.mapper.generator.MenuMapper' mapperInterface
2020-02-27 11:05:22.567 [restartedMain] DEBUG org.mybatis.spring.mapper.ClassPathMapperScanner - Enabling autowire by type for MapperFactoryBean with name 'menuMapper'.
2020-02-27 11:05:22.567 [restartedMain] DEBUG org.mybatis.spring.mapper.ClassPathMapperScanner - Creating MapperFactoryBean with name 'optionsMapper' and 'com.songhaozhi.mayday.mapper.generator.OptionsMapper' mapperInterface
2020-02-27 11:05:22.567 [restartedMain] DEBUG org.mybatis.spring.mapper.ClassPathMapperScanner - Enabling autowire by type for MapperFactoryBean with name 'optionsMapper'.
2020-02-27 11:05:22.567 [restartedMain] DEBUG org.mybatis.spring.mapper.ClassPathMapperScanner - Creating MapperFactoryBean with name 'tagMapper' and 'com.songhaozhi.mayday.mapper.generator.TagMapper' mapperInterface
2020-02-27 11:05:22.567 [restartedMain] DEBUG org.mybatis.spring.mapper.ClassPathMapperScanner - Enabling autowire by type for MapperFactoryBean with name 'tagMapper'.
2020-02-27 11:05:22.567 [restartedMain] DEBUG org.mybatis.spring.mapper.ClassPathMapperScanner - Creating MapperFactoryBean with name 'themeMapper' and 'com.songhaozhi.mayday.mapper.generator.ThemeMapper' mapperInterface
2020-02-27 11:05:22.568 [restartedMain] DEBUG org.mybatis.spring.mapper.ClassPathMapperScanner - Enabling autowire by type for MapperFactoryBean with name 'themeMapper'.
2020-02-27 11:05:22.568 [restartedMain] DEBUG org.mybatis.spring.mapper.ClassPathMapperScanner - Creating MapperFactoryBean with name 'userMapper' and 'com.songhaozhi.mayday.mapper.generator.UserMapper' mapperInterface
2020-02-27 11:05:22.568 [restartedMain] DEBUG org.mybatis.spring.mapper.ClassPathMapperScanner - Enabling autowire by type for MapperFactoryBean with name 'userMapper'.
2020-02-27 11:05:23.287 [restartedMain] DEBUG org.apache.ibatis.logging.LogFactory - Logging initialized using 'class org.apache.ibatis.logging.slf4j.Slf4jImpl' adapter.
2020-02-27 11:05:23.440 [restartedMain] DEBUG org.apache.ibatis.io.VFS - Using VFS adapter org.mybatis.spring.boot.autoconfigure.SpringBootVFS
2020-02-27 11:05:23.443 [restartedMain] DEBUG org.apache.ibatis.io.ResolverUtil - Checking to see if class com.songhaozhi.mayday.model.domain.Article matches criteria [is assignable to Object]
2020-02-27 11:05:23.443 [restartedMain] DEBUG org.apache.ibatis.io.ResolverUtil - Checking to see if class com.songhaozhi.mayday.model.domain.ArticleCategory matches criteria [is assignable to Object]
2020-02-27 11:05:23.444 [restartedMain] DEBUG org.apache.ibatis.io.ResolverUtil - Checking to see if class com.songhaozhi.mayday.model.domain.ArticleCategoryExample$Criteria matches criteria [is assignable to Object]
2020-02-27 11:05:23.444 [restartedMain] DEBUG org.apache.ibatis.io.ResolverUtil - Checking to see if class com.songhaozhi.mayday.model.domain.ArticleCategoryExample$Criterion matches criteria [is assignable to Object]
2020-02-27 11:05:23.444 [restartedMain] DEBUG org.apache.ibatis.io.ResolverUtil - Checking to see if class com.songhaozhi.mayday.model.domain.ArticleCategoryExample$GeneratedCriteria matches criteria [is assignable to Object]
2020-02-27 11:05:23.444 [restartedMain] DEBUG org.apache.ibatis.io.ResolverUtil - Checking to see if class com.songhaozhi.mayday.model.domain.ArticleCategoryExample matches criteria [is assignable to Object]
2020-02-27 11:05:23.445 [restartedMain] DEBUG org.apache.ibatis.io.ResolverUtil - Checking to see if class com.songhaozhi.mayday.model.domain.ArticleCustom matches criteria [is assignable to Object]
2020-02-27 11:05:23.445 [restartedMain] DEBUG org.apache.ibatis.io.ResolverUtil - Checking to see if class com.songhaozhi.mayday.model.domain.ArticleExample$Criteria matches criteria [is assignable to Object]
2020-02-27 11:05:23.446 [restartedMain] DEBUG org.apache.ibatis.io.ResolverUtil - Checking to see if class com.songhaozhi.mayday.model.domain.ArticleExample$Criterion matches criteria [is assignable to Object]
2020-02-27 11:05:23.446 [restartedMain] DEBUG org.apache.ibatis.io.ResolverUtil - Checking to see if class com.songhaozhi.mayday.model.domain.ArticleExample$GeneratedCriteria matches criteria [is assignable to Object]
2020-02-27 11:05:23.446 [restartedMain] DEBUG org.apache.ibatis.io.ResolverUtil - Checking to see if class com.songhaozhi.mayday.model.domain.ArticleExample matches criteria [is assignable to Object]
2020-02-27 11:05:23.447 [restartedMain] DEBUG org.apache.ibatis.io.ResolverUtil - Checking to see if class com.songhaozhi.mayday.model.domain.ArticleTag matches criteria [is assignable to Object]
2020-02-27 11:05:23.447 [restartedMain] DEBUG org.apache.ibatis.io.ResolverUtil - Checking to see if class com.songhaozhi.mayday.model.domain.ArticleTagExample$Criteria matches criteria [is assignable to Object]
2020-02-27 11:05:23.447 [restartedMain] DEBUG org.apache.ibatis.io.ResolverUtil - Checking to see if class com.songhaozhi.mayday.model.domain.ArticleTagExample$Criterion matches criteria [is assignable to Object]
2020-02-27 11:05:23.447 [restartedMain] DEBUG org.apache.ibatis.io.ResolverUtil - Checking to see if class com.songhaozhi.mayday.model.domain.ArticleTagExample$GeneratedCriteria matches criteria [is assignable to Object]
2020-02-27 11:05:23.447 [restartedMain] DEBUG org.apache.ibatis.io.ResolverUtil - Checking to see if class com.songhaozhi.mayday.model.domain.ArticleTagExample matches criteria [is assignable to Object]
2020-02-27 11:05:23.448 [restartedMain] DEBUG org.apache.ibatis.io.ResolverUtil - Checking to see if class com.songhaozhi.mayday.model.domain.Attachment matches criteria [is assignable to Object]
2020-02-27 11:05:23.448 [restartedMain] DEBUG org.apache.ibatis.io.ResolverUtil - Checking to see if class com.songhaozhi.mayday.model.domain.AttachmentExample$Criteria matches criteria [is assignable to Object]
2020-02-27 11:05:23.449 [restartedMain] DEBUG org.apache.ibatis.io.ResolverUtil - Checking to see if class com.songhaozhi.mayday.model.domain.AttachmentExample$Criterion matches criteria [is assignable to Object]
2020-02-27 11:05:23.449 [restartedMain] DEBUG org.apache.ibatis.io.ResolverUtil - Checking to see if class com.songhaozhi.mayday.model.domain.AttachmentExample$GeneratedCriteria matches criteria [is assignable to Object]
2020-02-27 11:05:23.449 [restartedMain] DEBUG org.apache.ibatis.io.ResolverUtil - Checking to see if class com.songhaozhi.mayday.model.domain.AttachmentExample matches criteria [is assignable to Object]
2020-02-27 11:05:23.449 [restartedMain] DEBUG org.apache.ibatis.io.ResolverUtil - Checking to see if class com.songhaozhi.mayday.model.domain.Backlog matches criteria [is assignable to Object]
2020-02-27 11:05:23.450 [restartedMain] DEBUG org.apache.ibatis.io.ResolverUtil - Checking to see if class com.songhaozhi.mayday.model.domain.Category matches criteria [is assignable to Object]
2020-02-27 11:05:23.450 [restartedMain] DEBUG org.apache.ibatis.io.ResolverUtil - Checking to see if class com.songhaozhi.mayday.model.domain.CategoryExample$Criteria matches criteria [is assignable to Object]
2020-02-27 11:05:23.450 [restartedMain] DEBUG org.apache.ibatis.io.ResolverUtil - Checking to see if class com.songhaozhi.mayday.model.domain.CategoryExample$Criterion matches criteria [is assignable to Object]
2020-02-27 11:05:23.451 [restartedMain] DEBUG org.apache.ibatis.io.ResolverUtil - Checking to see if class com.songhaozhi.mayday.model.domain.CategoryExample$GeneratedCriteria matches criteria [is assignable to Object]
2020-02-27 11:05:23.451 [restartedMain] DEBUG org.apache.ibatis.io.ResolverUtil - Checking to see if class com.songhaozhi.mayday.model.domain.CategoryExample matches criteria [is assignable to Object]
2020-02-27 11:05:23.451 [restartedMain] DEBUG org.apache.ibatis.io.ResolverUtil - Checking to see if class com.songhaozhi.mayday.model.domain.Link matches criteria [is assignable to Object]
2020-02-27 11:05:23.451 [restartedMain] DEBUG org.apache.ibatis.io.ResolverUtil - Checking to see if class com.songhaozhi.mayday.model.domain.LinkExample$Criteria matches criteria [is assignable to Object]
2020-02-27 11:05:23.452 [restartedMain] DEBUG org.apache.ibatis.io.ResolverUtil - Checking to see if class com.songhaozhi.mayday.model.domain.LinkExample$Criterion matches criteria [is assignable to Object]
2020-02-27 11:05:23.453 [restartedMain] DEBUG org.apache.ibatis.io.ResolverUtil - Checking to see if class com.songhaozhi.mayday.model.domain.LinkExample$GeneratedCriteria matches criteria [is assignable to Object]
2020-02-27 11:05:23.454 [restartedMain] DEBUG org.apache.ibatis.io.ResolverUtil - Checking to see if class com.songhaozhi.mayday.model.domain.LinkExample matches criteria [is assignable to Object]
2020-02-27 11:05:23.455 [restartedMain] DEBUG org.apache.ibatis.io.ResolverUtil - Checking to see if class com.songhaozhi.mayday.model.domain.Log matches criteria [is assignable to Object]
2020-02-27 11:05:23.455 [restartedMain] DEBUG org.apache.ibatis.io.ResolverUtil - Checking to see if class com.songhaozhi.mayday.model.domain.LogExample$Criteria matches criteria [is assignable to Object]
2020-02-27 11:05:23.456 [restartedMain] DEBUG org.apache.ibatis.io.ResolverUtil - Checking to see if class com.songhaozhi.mayday.model.domain.LogExample$Criterion matches criteria [is assignable to Object]
2020-02-27 11:05:23.456 [restartedMain] DEBUG org.apache.ibatis.io.ResolverUtil - Checking to see if class com.songhaozhi.mayday.model.domain.LogExample$GeneratedCriteria matches criteria [is assignable to Object]
2020-02-27 11:05:23.457 [restartedMain] DEBUG org.apache.ibatis.io.ResolverUtil - Checking to see if class com.songhaozhi.mayday.model.domain.LogExample matches criteria [is assignable to Object]
2020-02-27 11:05:23.457 [restartedMain] DEBUG org.apache.ibatis.io.ResolverUtil - Checking to see if class com.songhaozhi.mayday.model.domain.Menu matches criteria [is assignable to Object]
2020-02-27 11:05:23.458 [restartedMain] DEBUG org.apache.ibatis.io.ResolverUtil - Checking to see if class com.songhaozhi.mayday.model.domain.MenuExample$Criteria matches criteria [is assignable to Object]
2020-02-27 11:05:23.459 [restartedMain] DEBUG org.apache.ibatis.io.ResolverUtil - Checking to see if class com.songhaozhi.mayday.model.domain.MenuExample$Criterion matches criteria [is assignable to Object]
2020-02-27 11:05:23.460 [restartedMain] DEBUG org.apache.ibatis.io.ResolverUtil - Checking to see if class com.songhaozhi.mayday.model.domain.MenuExample$GeneratedCriteria matches criteria [is assignable to Object]
2020-02-27 11:05:23.460 [restartedMain] DEBUG org.apache.ibatis.io.ResolverUtil - Checking to see if class com.songhaozhi.mayday.model.domain.MenuExample matches criteria [is assignable to Object]
2020-02-27 11:05:23.460 [restartedMain] DEBUG org.apache.ibatis.io.ResolverUtil - Checking to see if class com.songhaozhi.mayday.model.domain.Options matches criteria [is assignable to Object]
2020-02-27 11:05:23.460 [restartedMain] DEBUG org.apache.ibatis.io.ResolverUtil - Checking to see if class com.songhaozhi.mayday.model.domain.OptionsExample$Criteria matches criteria [is assignable to Object]
2020-02-27 11:05:23.460 [restartedMain] DEBUG org.apache.ibatis.io.ResolverUtil - Checking to see if class com.songhaozhi.mayday.model.domain.OptionsExample$Criterion matches criteria [is assignable to Object]
2020-02-27 11:05:23.461 [restartedMain] DEBUG org.apache.ibatis.io.ResolverUtil - Checking to see if class com.songhaozhi.mayday.model.domain.OptionsExample$GeneratedCriteria matches criteria [is assignable to Object]
2020-02-27 11:05:23.461 [restartedMain] DEBUG org.apache.ibatis.io.ResolverUtil - Checking to see if class com.songhaozhi.mayday.model.domain.OptionsExample matches criteria [is assignable to Object]
2020-02-27 11:05:23.461 [restartedMain] DEBUG org.apache.ibatis.io.ResolverUtil - Checking to see if class com.songhaozhi.mayday.model.domain.Tag matches criteria [is assignable to Object]
2020-02-27 11:05:23.461 [restartedMain] DEBUG org.apache.ibatis.io.ResolverUtil - Checking to see if class com.songhaozhi.mayday.model.domain.TagExample$Criteria matches criteria [is assignable to Object]
2020-02-27 11:05:23.462 [restartedMain] DEBUG org.apache.ibatis.io.ResolverUtil - Checking to see if class com.songhaozhi.mayday.model.domain.TagExample$Criterion matches criteria [is assignable to Object]
2020-02-27 11:05:23.462 [restartedMain] DEBUG org.apache.ibatis.io.ResolverUtil - Checking to see if class com.songhaozhi.mayday.model.domain.TagExample$GeneratedCriteria matches criteria [is assignable to Object]
2020-02-27 11:05:23.462 [restartedMain] DEBUG org.apache.ibatis.io.ResolverUtil - Checking to see if class com.songhaozhi.mayday.model.domain.TagExample matches criteria [is assignable to Object]
2020-02-27 11:05:23.462 [restartedMain] DEBUG org.apache.ibatis.io.ResolverUtil - Checking to see if class com.songhaozhi.mayday.model.domain.Theme matches criteria [is assignable to Object]
2020-02-27 11:05:23.462 [restartedMain] DEBUG org.apache.ibatis.io.ResolverUtil - Checking to see if class com.songhaozhi.mayday.model.domain.ThemeExample$Criteria matches criteria [is assignable to Object]
2020-02-27 11:05:23.463 [restartedMain] DEBUG org.apache.ibatis.io.ResolverUtil - Checking to see if class com.songhaozhi.mayday.model.domain.ThemeExample$Criterion matches criteria [is assignable to Object]
2020-02-27 11:05:23.463 [restartedMain] DEBUG org.apache.ibatis.io.ResolverUtil - Checking to see if class com.songhaozhi.mayday.model.domain.ThemeExample$GeneratedCriteria matches criteria [is assignable to Object]
2020-02-27 11:05:23.463 [restartedMain] DEBUG org.apache.ibatis.io.ResolverUtil - Checking to see if class com.songhaozhi.mayday.model.domain.ThemeExample matches criteria [is assignable to Object]
2020-02-27 11:05:23.463 [restartedMain] DEBUG org.apache.ibatis.io.ResolverUtil - Checking to see if class com.songhaozhi.mayday.model.domain.User matches criteria [is assignable to Object]
2020-02-27 11:05:23.464 [restartedMain] DEBUG org.apache.ibatis.io.ResolverUtil - Checking to see if class com.songhaozhi.mayday.model.domain.UserExample$Criteria matches criteria [is assignable to Object]
2020-02-27 11:05:23.464 [restartedMain] DEBUG org.apache.ibatis.io.ResolverUtil - Checking to see if class com.songhaozhi.mayday.model.domain.UserExample$Criterion matches criteria [is assignable to Object]
2020-02-27 11:05:23.465 [restartedMain] DEBUG org.apache.ibatis.io.ResolverUtil - Checking to see if class com.songhaozhi.mayday.model.domain.UserExample$GeneratedCriteria matches criteria [is assignable to Object]
2020-02-27 11:05:23.465 [restartedMain] DEBUG org.apache.ibatis.io.ResolverUtil - Checking to see if class com.songhaozhi.mayday.model.domain.UserExample matches criteria [is assignable to Object]
2020-02-27 11:05:23.466 [restartedMain] DEBUG org.mybatis.spring.SqlSessionFactoryBean - Scanned package: 'com.songhaozhi.mayday.model.domain' for aliases
2020-02-27 11:05:23.547 [restartedMain] DEBUG org.mybatis.spring.SqlSessionFactoryBean - Parsed mapper file: 'file [/Users/littlehippo/mayday/target/classes/mapper/custom/ArticleMapperCustom.xml]'
2020-02-27 11:05:23.554 [restartedMain] DEBUG org.mybatis.spring.SqlSessionFactoryBean - Parsed mapper file: 'file [/Users/littlehippo/mayday/target/classes/mapper/custom/CategoryMapperCustom.xml]'
2020-02-27 11:05:23.560 [restartedMain] DEBUG org.mybatis.spring.SqlSessionFactoryBean - Parsed mapper file: 'file [/Users/littlehippo/mayday/target/classes/mapper/custom/LinkMapperCustom.xml]'
2020-02-27 11:05:23.566 [restartedMain] DEBUG org.mybatis.spring.SqlSessionFactoryBean - Parsed mapper file: 'file [/Users/littlehippo/mayday/target/classes/mapper/custom/LogMapperCustom.xml]'
2020-02-27 11:05:23.574 [restartedMain] DEBUG org.mybatis.spring.SqlSessionFactoryBean - Parsed mapper file: 'file [/Users/littlehippo/mayday/target/classes/mapper/custom/OptionsMapperCustom.xml]'
2020-02-27 11:05:23.580 [restartedMain] DEBUG org.mybatis.spring.SqlSessionFactoryBean - Parsed mapper file: 'file [/Users/littlehippo/mayday/target/classes/mapper/custom/TagMapperCustom.xml]'
2020-02-27 11:05:23.588 [restartedMain] DEBUG org.mybatis.spring.SqlSessionFactoryBean - Parsed mapper file: 'file [/Users/littlehippo/mayday/target/classes/mapper/custom/ThemeMapperCustom.xml]'
2020-02-27 11:05:23.594 [restartedMain] DEBUG org.mybatis.spring.SqlSessionFactoryBean - Parsed mapper file: 'file [/Users/littlehippo/mayday/target/classes/mapper/custom/UserMapperCustom.xml]'
2020-02-27 11:05:23.614 [restartedMain] DEBUG org.mybatis.spring.SqlSessionFactoryBean - Parsed mapper file: 'file [/Users/littlehippo/mayday/target/classes/mapper/generator/ArticleCategoryMapper.xml]'
2020-02-27 11:05:23.629 [restartedMain] DEBUG org.mybatis.spring.SqlSessionFactoryBean - Parsed mapper file: 'file [/Users/littlehippo/mayday/target/classes/mapper/generator/ArticleMapper.xml]'
2020-02-27 11:05:23.640 [restartedMain] DEBUG org.mybatis.spring.SqlSessionFactoryBean - Parsed mapper file: 'file [/Users/littlehippo/mayday/target/classes/mapper/generator/ArticleTagMapper.xml]'
2020-02-27 11:05:23.651 [restartedMain] DEBUG org.mybatis.spring.SqlSessionFactoryBean - Parsed mapper file: 'file [/Users/littlehippo/mayday/target/classes/mapper/generator/AttachmentMapper.xml]'
2020-02-27 11:05:23.656 [restartedMain] DEBUG org.mybatis.spring.SqlSessionFactoryBean - Parsed mapper file: 'file [/Users/littlehippo/mayday/target/classes/mapper/generator/BacklogMapper.xml]'
2020-02-27 11:05:23.665 [restartedMain] DEBUG org.mybatis.spring.SqlSessionFactoryBean - Parsed mapper file: 'file [/Users/littlehippo/mayday/target/classes/mapper/generator/CategoryMapper.xml]'
2020-02-27 11:05:23.675 [restartedMain] DEBUG org.mybatis.spring.SqlSessionFactoryBean - Parsed mapper file: 'file [/Users/littlehippo/mayday/target/classes/mapper/generator/LinkMapper.xml]'
2020-02-27 11:05:23.683 [restartedMain] DEBUG org.mybatis.spring.SqlSessionFactoryBean - Parsed mapper file: 'file [/Users/littlehippo/mayday/target/classes/mapper/generator/LogMapper.xml]'
2020-02-27 11:05:23.691 [restartedMain] DEBUG org.mybatis.spring.SqlSessionFactoryBean - Parsed mapper file: 'file [/Users/littlehippo/mayday/target/classes/mapper/generator/MenuMapper.xml]'
2020-02-27 11:05:23.698 [restartedMain] DEBUG org.mybatis.spring.SqlSessionFactoryBean - Parsed mapper file: 'file [/Users/littlehippo/mayday/target/classes/mapper/generator/OptionsMapper.xml]'
2020-02-27 11:05:23.705 [restartedMain] DEBUG org.mybatis.spring.SqlSessionFactoryBean - Parsed mapper file: 'file [/Users/littlehippo/mayday/target/classes/mapper/generator/TagMapper.xml]'
2020-02-27 11:05:23.712 [restartedMain] DEBUG org.mybatis.spring.SqlSessionFactoryBean - Parsed mapper file: 'file [/Users/littlehippo/mayday/target/classes/mapper/generator/ThemeMapper.xml]'
2020-02-27 11:05:23.718 [restartedMain] DEBUG org.mybatis.spring.SqlSessionFactoryBean - Parsed mapper file: 'file [/Users/littlehippo/mayday/target/classes/mapper/generator/UserMapper.xml]'
2020-02-27 11:05:24.130 [restartedMain] INFO  o.s.boot.web.embedded.tomcat.TomcatWebServer - Tomcat initialized with port(s): 8091 (http)
2020-02-27 11:05:24.141 [restartedMain] INFO  org.apache.coyote.http11.Http11NioProtocol - Initializing ProtocolHandler ["http-nio-8091"]
2020-02-27 11:05:24.149 [restartedMain] INFO  org.apache.catalina.core.StandardService - Starting service [Tomcat]
2020-02-27 11:05:24.149 [restartedMain] INFO  org.apache.catalina.core.StandardEngine - Starting Servlet Engine: Apache Tomcat/8.5.32
2020-02-27 11:05:24.153 [localhost-startStop-1] INFO  org.apache.catalina.core.AprLifecycleListener - The APR based Apache Tomcat Native library which allows optimal performance in production environments was not found on the java.library.path: [/Users/littlehippo/Library/Java/Extensions:/Library/Java/Extensions:/Network/Library/Java/Extensions:/System/Library/Java/Extensions:/usr/lib/java:.]
2020-02-27 11:05:24.204 [localhost-startStop-1] INFO  o.a.c.core.ContainerBase.[Tomcat].[localhost].[/] - Initializing Spring embedded WebApplicationContext
2020-02-27 11:05:24.205 [localhost-startStop-1] INFO  org.springframework.web.context.ContextLoader - Root WebApplicationContext: initialization completed in 2923 ms
2020-02-27 11:05:24.261 [localhost-startStop-1] INFO  o.s.boot.web.servlet.ServletRegistrationBean - Servlet dispatcherServlet mapped to [/]
2020-02-27 11:05:24.266 [localhost-startStop-1] INFO  o.s.boot.web.servlet.FilterRegistrationBean - Mapping filter: 'characterEncodingFilter' to: [/*]
2020-02-27 11:05:24.266 [localhost-startStop-1] INFO  o.s.boot.web.servlet.FilterRegistrationBean - Mapping filter: 'hiddenHttpMethodFilter' to: [/*]
2020-02-27 11:05:24.266 [localhost-startStop-1] INFO  o.s.boot.web.servlet.FilterRegistrationBean - Mapping filter: 'httpPutFormContentFilter' to: [/*]
2020-02-27 11:05:24.266 [localhost-startStop-1] INFO  o.s.boot.web.servlet.FilterRegistrationBean - Mapping filter: 'requestContextFilter' to: [/*]
2020-02-27 11:05:24.511 [restartedMain] DEBUG o.h.v.i.engine.resolver.TraversableResolvers - Cannot find javax.persistence.Persistence on classpath. Assuming non JPA 2 environment. All properties will per default be traversable.
2020-02-27 11:05:24.511 [restartedMain] DEBUG o.h.v.m.ResourceBundleMessageInterpolator - Loaded expression factory via original TCCL
2020-02-27 11:05:24.518 [restartedMain] DEBUG o.h.v.i.engine.resolver.TraversableResolvers - Cannot find javax.persistence.Persistence on classpath. Assuming non JPA 2 environment. All properties will per default be traversable.
2020-02-27 11:05:24.519 [restartedMain] DEBUG o.h.validator.internal.engine.ConfigurationImpl - Setting custom MessageInterpolator of type org.springframework.validation.beanvalidation.LocaleContextMessageInterpolator
2020-02-27 11:05:24.519 [restartedMain] DEBUG o.h.validator.internal.engine.ConfigurationImpl - Setting custom ConstraintValidatorFactory of type org.springframework.validation.beanvalidation.SpringConstraintValidatorFactory
2020-02-27 11:05:24.520 [restartedMain] DEBUG o.h.validator.internal.engine.ConfigurationImpl - Setting custom ParameterNameProvider of type org.springframework.validation.beanvalidation.LocalValidatorFactoryBean$1
2020-02-27 11:05:24.520 [restartedMain] DEBUG o.h.v.internal.xml.config.ValidationXmlParser - Trying to load META-INF/validation.xml for XML based Validator configuration.
2020-02-27 11:05:24.520 [restartedMain] DEBUG o.h.v.internal.xml.config.ResourceLoaderHelper - Trying to load META-INF/validation.xml via user class loader
2020-02-27 11:05:24.521 [restartedMain] DEBUG o.h.v.internal.xml.config.ResourceLoaderHelper - Trying to load META-INF/validation.xml via TCCL
2020-02-27 11:05:24.521 [restartedMain] DEBUG o.h.v.internal.xml.config.ResourceLoaderHelper - Trying to load META-INF/validation.xml via Hibernate Validator's class loader
2020-02-27 11:05:24.521 [restartedMain] DEBUG o.h.v.internal.xml.config.ValidationXmlParser - No META-INF/validation.xml found. Using annotation based configuration only.
2020-02-27 11:05:24.524 [restartedMain] DEBUG o.h.validator.internal.engine.ValidatorFactoryImpl - HV000234: Using org.springframework.validation.beanvalidation.LocaleContextMessageInterpolator as ValidatorFactory-scoped message interpolator.
2020-02-27 11:05:24.525 [restartedMain] DEBUG o.h.validator.internal.engine.ValidatorFactoryImpl - HV000234: Using org.hibernate.validator.internal.engine.resolver.TraverseAllTraversableResolver as ValidatorFactory-scoped traversable resolver.
2020-02-27 11:05:24.525 [restartedMain] DEBUG o.h.validator.internal.engine.ValidatorFactoryImpl - HV000234: Using org.hibernate.validator.internal.util.ExecutableParameterNameProvider as ValidatorFactory-scoped parameter name provider.
2020-02-27 11:05:24.525 [restartedMain] DEBUG o.h.validator.internal.engine.ValidatorFactoryImpl - HV000234: Using org.hibernate.validator.internal.engine.DefaultClockProvider as ValidatorFactory-scoped clock provider.
2020-02-27 11:05:24.525 [restartedMain] DEBUG o.h.validator.internal.engine.ValidatorFactoryImpl - HV000234: Using org.hibernate.validator.internal.engine.scripting.DefaultScriptEvaluatorFactory as ValidatorFactory-scoped script evaluator factory.
2020-02-27 11:05:24.574 [restartedMain] INFO  o.s.web.servlet.handler.SimpleUrlHandlerMapping - Mapped URL path [/**/favicon.ico] onto handler of type [class org.springframework.web.servlet.resource.ResourceHttpRequestHandler]
2020-02-27 11:05:24.752 [restartedMain] INFO  o.s.w.s.m.m.a.RequestMappingHandlerAdapter - Looking for @ControllerAdvice: org.springframework.boot.web.servlet.context.AnnotationConfigServletWebServerApplicationContext@4cc472e3: startup date [Thu Feb 27 11:05:21 CST 2020]; root of context hierarchy
2020-02-27 11:05:24.761 [restartedMain] INFO  o.s.w.s.m.m.a.RequestMappingHandlerAdapter - Detected ResponseBodyAdvice bean in JSONPResponseBodyAdvice
2020-02-27 11:05:24.761 [restartedMain] INFO  o.s.w.s.m.m.a.RequestMappingHandlerAdapter - Detected ResponseBodyAdvice bean in fastJsonpResponseBodyAdvice
2020-02-27 11:05:24.761 [restartedMain] INFO  o.s.w.s.m.m.a.RequestMappingHandlerAdapter - Detected ResponseBodyAdvice bean in fastJsonViewResponseBodyAdvice
2020-02-27 11:05:24.818 [restartedMain] INFO  o.s.w.s.m.m.a.RequestMappingHandlerMapping - Mapped "{[/admin || /admin/index]}" onto public java.lang.String com.songhaozhi.mayday.web.controller.admin.AdminController.index(org.springframework.ui.Model)
2020-02-27 11:05:24.819 [restartedMain] INFO  o.s.w.s.m.m.a.RequestMappingHandlerMapping - Mapped "{[/admin/login]}" onto public java.lang.String com.songhaozhi.mayday.web.controller.admin.AdminController.login(javax.servlet.http.HttpSession,org.springframework.ui.Model)
2020-02-27 11:05:24.819 [restartedMain] INFO  o.s.w.s.m.m.a.RequestMappingHandlerMapping - Mapped "{[/admin/getLogin],methods=[POST]}" onto public com.songhaozhi.mayday.model.dto.JsonResult com.songhaozhi.mayday.web.controller.admin.AdminController.getLogin(java.lang.String,java.lang.String,javax.servlet.http.HttpSession)
2020-02-27 11:05:24.819 [restartedMain] INFO  o.s.w.s.m.m.a.RequestMappingHandlerMapping - Mapped "{[/admin/exitLogon]}" onto public java.lang.String com.songhaozhi.mayday.web.controller.admin.AdminController.exitLogon(javax.servlet.http.HttpSession)
2020-02-27 11:05:24.822 [restartedMain] INFO  o.s.w.s.m.m.a.RequestMappingHandlerMapping - Mapped "{[/admin/article/remove],methods=[GET]}" onto public java.lang.String com.songhaozhi.mayday.web.controller.admin.ArticleController.remove(int,javax.servlet.http.HttpServletRequest)
2020-02-27 11:05:24.822 [restartedMain] INFO  o.s.w.s.m.m.a.RequestMappingHandlerMapping - Mapped "{[/admin/article/new/save],methods=[POST]}" onto public com.songhaozhi.mayday.model.dto.JsonResult com.songhaozhi.mayday.web.controller.admin.ArticleController.save(com.songhaozhi.mayday.model.domain.Article,java.lang.Long[],java.lang.Long[],javax.servlet.http.HttpServletRequest)
2020-02-27 11:05:24.822 [restartedMain] INFO  o.s.w.s.m.m.a.RequestMappingHandlerMapping - Mapped "{[/admin/article/filter],methods=[POST]}" onto public com.songhaozhi.mayday.model.dto.JsonResult com.songhaozhi.mayday.web.controller.admin.ArticleController.filter(java.lang.String)
2020-02-27 11:05:24.823 [restartedMain] INFO  o.s.w.s.m.m.a.RequestMappingHandlerMapping - Mapped "{[/admin/article/recycle],methods=[GET]}" onto public java.lang.String com.songhaozhi.mayday.web.controller.admin.ArticleController.updateStatus(int)
2020-02-27 11:05:24.823 [restartedMain] INFO  o.s.w.s.m.m.a.RequestMappingHandlerMapping - Mapped "{[/admin/article/restore],methods=[POST]}" onto public com.songhaozhi.mayday.model.dto.JsonResult com.songhaozhi.mayday.web.controller.admin.ArticleController.restore(int)
2020-02-27 11:05:24.823 [restartedMain] INFO  o.s.w.s.m.m.a.RequestMappingHandlerMapping - Mapped "{[/admin/article/ids],methods=[POST]}" onto public java.util.Map<java.lang.String, java.lang.Object> com.songhaozhi.mayday.web.controller.admin.ArticleController.ids(java.lang.Integer)
2020-02-27 11:05:24.823 [restartedMain] INFO  o.s.w.s.m.m.a.RequestMappingHandlerMapping - Mapped "{[/admin/article],methods=[GET]}" onto public java.lang.String com.songhaozhi.mayday.web.controller.admin.ArticleController.article(org.springframework.ui.Model,int,int,int)
2020-02-27 11:05:24.824 [restartedMain] INFO  o.s.w.s.m.m.a.RequestMappingHandlerMapping - Mapped "{[/admin/article/pushBaidu],methods=[POST]}" onto public com.songhaozhi.mayday.model.dto.JsonResult com.songhaozhi.mayday.web.controller.admin.ArticleController.pushBaidu(java.lang.String)
2020-02-27 11:05:24.824 [restartedMain] INFO  o.s.w.s.m.m.a.RequestMappingHandlerMapping - Mapped "{[/admin/article/new],methods=[GET]}" onto public java.lang.String com.songhaozhi.mayday.web.controller.admin.ArticleController.newArticle(org.springframework.ui.Model)
2020-02-27 11:05:24.824 [restartedMain] INFO  o.s.w.s.m.m.a.RequestMappingHandlerMapping - Mapped "{[/admin/article/edit],methods=[GET]}" onto public java.lang.String com.songhaozhi.mayday.web.controller.admin.ArticleController.editArticle(org.springframework.ui.Model,java.lang.Integer)
2020-02-27 11:05:24.825 [restartedMain] INFO  o.s.w.s.m.m.a.RequestMappingHandlerMapping - Mapped "{[/admin/attachment/upload]}" onto public com.songhaozhi.mayday.model.dto.JsonResult com.songhaozhi.mayday.web.controller.admin.AttachmentController.upload(org.springframework.web.multipart.MultipartFile,javax.servlet.http.HttpServletRequest)
2020-02-27 11:05:24.825 [restartedMain] INFO  o.s.w.s.m.m.a.RequestMappingHandlerMapping - Mapped "{[/admin/attachment],methods=[GET]}" onto public java.lang.String com.songhaozhi.mayday.web.controller.admin.AttachmentController.attachment(org.springframework.ui.Model,int,int)
2020-02-27 11:05:24.825 [restartedMain] INFO  o.s.w.s.m.m.a.RequestMappingHandlerMapping - Mapped "{[/admin/attachment/deleteAttachment],methods=[POST]}" onto public com.songhaozhi.mayday.model.dto.JsonResult com.songhaozhi.mayday.web.controller.admin.AttachmentController.deleteAttachment(int,javax.servlet.http.HttpServletRequest)
2020-02-27 11:05:24.825 [restartedMain] INFO  o.s.w.s.m.m.a.RequestMappingHandlerMapping - Mapped "{[/admin/attachment/viewDetails/{id}],methods=[GET]}" onto public java.lang.String com.songhaozhi.mayday.web.controller.admin.AttachmentController.viewDetails(org.springframework.ui.Model,int)
2020-02-27 11:05:24.826 [restartedMain] INFO  o.s.w.s.m.m.a.RequestMappingHandlerMapping - Mapped "{[/admin/category/remove],methods=[GET]}" onto public java.lang.String com.songhaozhi.mayday.web.controller.admin.CategoryController.remove(int)
2020-02-27 11:05:24.826 [restartedMain] INFO  o.s.w.s.m.m.a.RequestMappingHandlerMapping - Mapped "{[/admin/category/save],methods=[POST]}" onto public java.lang.String com.songhaozhi.mayday.web.controller.admin.CategoryController.save(com.songhaozhi.mayday.model.domain.Category)
2020-02-27 11:05:24.827 [restartedMain] INFO  o.s.w.s.m.m.a.RequestMappingHandlerMapping - Mapped "{[/admin/category],methods=[GET]}" onto public java.lang.String com.songhaozhi.mayday.web.controller.admin.CategoryController.category(org.springframework.ui.Model)
2020-02-27 11:05:24.827 [restartedMain] INFO  o.s.w.s.m.m.a.RequestMappingHandlerMapping - Mapped "{[/admin/category/edit],methods=[GET]}" onto public java.lang.String com.songhaozhi.mayday.web.controller.admin.CategoryController.updateCategory(org.springframework.ui.Model,int)
2020-02-27 11:05:24.827 [restartedMain] INFO  o.s.w.s.m.m.a.RequestMappingHandlerMapping - Mapped "{[/install/execute],methods=[POST]}" onto public com.songhaozhi.mayday.model.dto.JsonResult com.songhaozhi.mayday.web.controller.admin.InstallController.execute(java.lang.String,java.lang.String,java.lang.String,java.lang.String,java.lang.String,java.lang.String,java.lang.String,javax.servlet.http.HttpServletRequest)
2020-02-27 11:05:24.828 [restartedMain] INFO  o.s.w.s.m.m.a.RequestMappingHandlerMapping - Mapped "{[/install],methods=[GET]}" onto public java.lang.String com.songhaozhi.mayday.web.controller.admin.InstallController.install(org.springframework.ui.Model)
2020-02-27 11:05:24.829 [restartedMain] INFO  o.s.w.s.m.m.a.RequestMappingHandlerMapping - Mapped "{[/admin/links/remove],methods=[GET]}" onto public java.lang.String com.songhaozhi.mayday.web.controller.admin.LinksController.remove(int)
2020-02-27 11:05:24.829 [restartedMain] INFO  o.s.w.s.m.m.a.RequestMappingHandlerMapping - Mapped "{[/admin/links/save],methods=[POST]}" onto public java.lang.String com.songhaozhi.mayday.web.controller.admin.LinksController.save(com.songhaozhi.mayday.model.domain.Link,org.springframework.ui.Model)
2020-02-27 11:05:24.829 [restartedMain] INFO  o.s.w.s.m.m.a.RequestMappingHandlerMapping - Mapped "{[/admin/links],methods=[GET]}" onto public java.lang.String com.songhaozhi.mayday.web.controller.admin.LinksController.links(org.springframework.ui.Model)
2020-02-27 11:05:24.830 [restartedMain] INFO  o.s.w.s.m.m.a.RequestMappingHandlerMapping - Mapped "{[/admin/links/edit],methods=[GET]}" onto public java.lang.String com.songhaozhi.mayday.web.controller.admin.LinksController.linksEdit(org.springframework.ui.Model,int)
2020-02-27 11:05:24.832 [restartedMain] INFO  o.s.w.s.m.m.a.RequestMappingHandlerMapping - Mapped "{[/admin/logs/clear],methods=[GET]}" onto public java.lang.String com.songhaozhi.mayday.web.controller.admin.LogsController.clear()
2020-02-27 11:05:24.833 [restartedMain] INFO  o.s.w.s.m.m.a.RequestMappingHandlerMapping - Mapped "{[/admin/logs],methods=[GET]}" onto public java.lang.String com.songhaozhi.mayday.web.controller.admin.LogsController.logs(org.springframework.ui.Model,int,int)
2020-02-27 11:05:24.834 [restartedMain] INFO  o.s.w.s.m.m.a.RequestMappingHandlerMapping - Mapped "{[/admin/menus/remove],methods=[GET]}" onto public java.lang.String com.songhaozhi.mayday.web.controller.admin.MenusController.remove(java.lang.Integer)
2020-02-27 11:05:24.834 [restartedMain] INFO  o.s.w.s.m.m.a.RequestMappingHandlerMapping - Mapped "{[/admin/menus/save],methods=[POST]}" onto public java.lang.String com.songhaozhi.mayday.web.controller.admin.MenusController.save(com.songhaozhi.mayday.model.domain.Menu)
2020-02-27 11:05:24.834 [restartedMain] INFO  o.s.w.s.m.m.a.RequestMappingHandlerMapping - Mapped "{[/admin/menus/edit],methods=[GET]}" onto public java.lang.String com.songhaozhi.mayday.web.controller.admin.MenusController.edit(org.springframework.ui.Model,java.lang.Integer)
2020-02-27 11:05:24.834 [restartedMain] INFO  o.s.w.s.m.m.a.RequestMappingHandlerMapping - Mapped "{[/admin/menus],methods=[GET]}" onto public java.lang.String com.songhaozhi.mayday.web.controller.admin.MenusController.menus(org.springframework.ui.Model)
2020-02-27 11:05:24.835 [restartedMain] INFO  o.s.w.s.m.m.a.RequestMappingHandlerMapping - Mapped "{[/admin/option/save],methods=[POST]}" onto public com.songhaozhi.mayday.model.dto.JsonResult com.songhaozhi.mayday.web.controller.admin.OptionsController.save(java.util.Map<java.lang.String, java.lang.String>)
2020-02-27 11:05:24.835 [restartedMain] INFO  o.s.w.s.m.m.a.RequestMappingHandlerMapping - Mapped "{[/admin/option],methods=[GET]}" onto public java.lang.String com.songhaozhi.mayday.web.controller.admin.OptionsController.option(org.springframework.ui.Model)
2020-02-27 11:05:24.836 [restartedMain] INFO  o.s.w.s.m.m.a.RequestMappingHandlerMapping - Mapped "{[/admin/page/remove],methods=[GET]}" onto public java.lang.String com.songhaozhi.mayday.web.controller.admin.PageController.remove(int,javax.servlet.http.HttpServletRequest)
2020-02-27 11:05:24.836 [restartedMain] INFO  o.s.w.s.m.m.a.RequestMappingHandlerMapping - Mapped "{[/admin/page/new/save],methods=[POST]}" onto public com.songhaozhi.mayday.model.dto.JsonResult com.songhaozhi.mayday.web.controller.admin.PageController.save(com.songhaozhi.mayday.model.domain.Article,javax.servlet.http.HttpServletRequest)
2020-02-27 11:05:24.837 [restartedMain] INFO  o.s.w.s.m.m.a.RequestMappingHandlerMapping - Mapped "{[/admin/page/new],methods=[GET]}" onto public java.lang.String com.songhaozhi.mayday.web.controller.admin.PageController.newPage()
2020-02-27 11:05:24.837 [restartedMain] INFO  o.s.w.s.m.m.a.RequestMappingHandlerMapping - Mapped "{[/admin/page],methods=[GET]}" onto public java.lang.String com.songhaozhi.mayday.web.controller.admin.PageController.page(org.springframework.ui.Model,int,int,int)
2020-02-27 11:05:24.837 [restartedMain] INFO  o.s.w.s.m.m.a.RequestMappingHandlerMapping - Mapped "{[/admin/page/edit],methods=[GET]}" onto public java.lang.String com.songhaozhi.mayday.web.controller.admin.PageController.editArticle(org.springframework.ui.Model,java.lang.Integer)
2020-02-27 11:05:24.840 [restartedMain] INFO  o.s.w.s.m.m.a.RequestMappingHandlerMapping - Mapped "{[/admin/tag/remove],methods=[GET]}" onto public java.lang.String com.songhaozhi.mayday.web.controller.admin.TagController.remove(int)
2020-02-27 11:05:24.841 [restartedMain] INFO  o.s.w.s.m.m.a.RequestMappingHandlerMapping - Mapped "{[/admin/tag/save],methods=[POST]}" onto public java.lang.String com.songhaozhi.mayday.web.controller.admin.TagController.save(com.songhaozhi.mayday.model.domain.Tag,org.springframework.ui.Model)
2020-02-27 11:05:24.841 [restartedMain] INFO  o.s.w.s.m.m.a.RequestMappingHandlerMapping - Mapped "{[/admin/tag],methods=[GET]}" onto public java.lang.String com.songhaozhi.mayday.web.controller.admin.TagController.tag(org.springframework.ui.Model)
2020-02-27 11:05:24.841 [restartedMain] INFO  o.s.w.s.m.m.a.RequestMappingHandlerMapping - Mapped "{[/admin/tag/edit],methods=[GET]}" onto public java.lang.String com.songhaozhi.mayday.web.controller.admin.TagController.edit(org.springframework.ui.Model,int)
2020-02-27 11:05:24.845 [restartedMain] INFO  o.s.w.s.m.m.a.RequestMappingHandlerMapping - Mapped "{[/admin/theme/remove],methods=[GET]}" onto public java.lang.String com.songhaozhi.mayday.web.controller.admin.ThemeController.remove(int,javax.servlet.http.HttpServletRequest)
2020-02-27 11:05:24.846 [restartedMain] INFO  o.s.w.s.m.m.a.RequestMappingHandlerMapping - Mapped "{[/admin/theme/saveTheme],methods=[POST]}" onto public com.songhaozhi.mayday.model.dto.JsonResult com.songhaozhi.mayday.web.controller.admin.ThemeController.saveTheme(com.songhaozhi.mayday.model.domain.Theme,javax.servlet.http.HttpServletRequest)
2020-02-27 11:05:24.846 [restartedMain] INFO  o.s.w.s.m.m.a.RequestMappingHandlerMapping - Mapped "{[/admin/theme],methods=[GET]}" onto public java.lang.String com.songhaozhi.mayday.web.controller.admin.ThemeController.theme(org.springframework.ui.Model,int,int)
2020-02-27 11:05:24.846 [restartedMain] INFO  o.s.w.s.m.m.a.RequestMappingHandlerMapping - Mapped "{[/admin/theme/themeEnabled],methods=[POST]}" onto public com.songhaozhi.mayday.model.dto.JsonResult com.songhaozhi.mayday.web.controller.admin.ThemeController.themeEnabled(int)
2020-02-27 11:05:24.846 [restartedMain] INFO  o.s.w.s.m.m.a.RequestMappingHandlerMapping - Mapped "{[/admin/theme/{themeName}],methods=[GET]}" onto public java.lang.String com.songhaozhi.mayday.web.controller.admin.ThemeController.themeOption(java.lang.String,org.springframework.ui.Model)
2020-02-27 11:05:24.847 [restartedMain] INFO  o.s.w.s.m.m.a.RequestMappingHandlerMapping - Mapped "{[/admin/profile],methods=[GET]}" onto public java.lang.String com.songhaozhi.mayday.web.controller.admin.UserController.profile(org.springframework.ui.Model,javax.servlet.http.HttpSession)
2020-02-27 11:05:24.847 [restartedMain] INFO  o.s.w.s.m.m.a.RequestMappingHandlerMapping - Mapped "{[/admin/profile/openChoice/{id}],methods=[GET]}" onto public java.lang.String com.songhaozhi.mayday.web.controller.admin.UserController.openChoice(org.springframework.ui.Model,java.lang.String,int,int)
2020-02-27 11:05:24.847 [restartedMain] INFO  o.s.w.s.m.m.a.RequestMappingHandlerMapping - Mapped "{[/admin/profile/updateProfile],methods=[POST]}" onto public com.songhaozhi.mayday.model.dto.JsonResult com.songhaozhi.mayday.web.controller.admin.UserController.updateProfile(com.songhaozhi.mayday.model.domain.User,javax.servlet.http.HttpSession)
2020-02-27 11:05:24.847 [restartedMain] INFO  o.s.w.s.m.m.a.RequestMappingHandlerMapping - Mapped "{[/admin/profile/updatePwd],methods=[POST]}" onto public com.songhaozhi.mayday.model.dto.JsonResult com.songhaozhi.mayday.web.controller.admin.UserController.updatePwd(java.lang.String,java.lang.String,java.lang.String,java.lang.Integer,javax.servlet.http.HttpServletRequest)
2020-02-27 11:05:24.848 [restartedMain] INFO  o.s.w.s.m.m.a.RequestMappingHandlerMapping - Mapped "{[/backlog/remove]}" onto public java.lang.String com.songhaozhi.mayday.web.controller.backlog.BacklogController.remove(java.lang.String,javax.servlet.http.HttpServletRequest)
2020-02-27 11:05:24.848 [restartedMain] INFO  o.s.w.s.m.m.a.RequestMappingHandlerMapping - Mapped "{[/backlog/read]}" onto public java.lang.String com.songhaozhi.mayday.web.controller.backlog.BacklogController.read(java.lang.String,javax.servlet.http.HttpServletRequest)
2020-02-27 11:05:24.848 [restartedMain] INFO  o.s.w.s.m.m.a.RequestMappingHandlerMapping - Mapped "{[/todo]}" onto public java.lang.String com.songhaozhi.mayday.web.controller.backlog.BacklogController.todo(java.lang.String,javax.servlet.http.HttpServletRequest)
2020-02-27 11:05:24.848 [restartedMain] INFO  o.s.w.s.m.m.a.RequestMappingHandlerMapping - Mapped "{[/backlog],methods=[GET]}" onto public java.lang.String com.songhaozhi.mayday.web.controller.backlog.BacklogController.backlog(org.springframework.ui.Model,int,int,java.lang.Integer)
2020-02-27 11:05:24.848 [restartedMain] INFO  o.s.w.s.m.m.a.RequestMappingHandlerMapping - Mapped "{[/backlog/count]}" onto public int com.songhaozhi.mayday.web.controller.backlog.BacklogController.backlogCount(javax.servlet.http.HttpServletRequest)
2020-02-27 11:05:24.850 [restartedMain] INFO  o.s.w.s.m.m.a.RequestMappingHandlerMapping - Mapped "{[/page/{page}],methods=[GET]}" onto public java.lang.String com.songhaozhi.mayday.web.controller.front.IndexController.index(org.springframework.ui.Model,java.lang.Integer)
2020-02-27 11:05:24.850 [restartedMain] INFO  o.s.w.s.m.m.a.RequestMappingHandlerMapping - Mapped "{[/ || /index],methods=[GET]}" onto public java.lang.String com.songhaozhi.mayday.web.controller.front.IndexController.index(org.springframework.ui.Model)
2020-02-27 11:05:24.850 [restartedMain] INFO  o.s.w.s.m.m.a.RequestMappingHandlerMapping - Mapped "{[/search/{keywords}],methods=[GET]}" onto public java.lang.String com.songhaozhi.mayday.web.controller.front.IndexController.search(org.springframework.ui.Model,java.lang.String)
2020-02-27 11:05:24.850 [restartedMain] INFO  o.s.w.s.m.m.a.RequestMappingHandlerMapping - Mapped "{[/search/{keywords}/{page}],methods=[GET]}" onto public java.lang.String com.songhaozhi.mayday.web.controller.front.IndexController.search(org.springframework.ui.Model,java.lang.String,java.lang.Integer)
2020-02-27 11:05:24.850 [restartedMain] INFO  o.s.w.s.m.m.a.RequestMappingHandlerMapping - Mapped "{[/tags/{tagUrl}],methods=[GET]}" onto public java.lang.String com.songhaozhi.mayday.web.controller.front.IndexController.tags(org.springframework.ui.Model,java.lang.String)
2020-02-27 11:05:24.851 [restartedMain] INFO  o.s.w.s.m.m.a.RequestMappingHandlerMapping - Mapped "{[/tags/{tagUrl}/{page}],methods=[GET]}" onto public java.lang.String com.songhaozhi.mayday.web.controller.front.IndexController.tags(org.springframework.ui.Model,java.lang.String,java.lang.Integer)
2020-02-27 11:05:24.851 [restartedMain] INFO  o.s.w.s.m.m.a.RequestMappingHandlerMapping - Mapped "{[/feed || /feed.xml || /index.xml || /atom || /atom.xml],methods=[GET],produces=[application/xml;charset=UTF-8]}" onto public java.lang.String com.songhaozhi.mayday.web.controller.front.IndexController.rss() throws com.sun.syndication.io.FeedException
2020-02-27 11:05:24.851 [restartedMain] INFO  o.s.w.s.m.m.a.RequestMappingHandlerMapping - Mapped "{[/archives],methods=[GET]}" onto public java.lang.String com.songhaozhi.mayday.web.controller.front.IndexController.archives(org.springframework.ui.Model) throws java.lang.Exception
2020-02-27 11:05:24.851 [restartedMain] INFO  o.s.w.s.m.m.a.RequestMappingHandlerMapping - Mapped "{[/post/{articleUrl} || /post/{articleUrl}.html],methods=[GET]}" onto public java.lang.String com.songhaozhi.mayday.web.controller.front.IndexController.post(org.springframework.ui.Model,java.lang.String,javax.servlet.http.HttpServletRequest)
2020-02-27 11:05:24.852 [restartedMain] INFO  o.s.w.s.m.m.a.RequestMappingHandlerMapping - Mapped "{[/{articleUrl}],methods=[GET]}" onto public java.lang.String com.songhaozhi.mayday.web.controller.front.IndexController.page(java.lang.String,org.springframework.ui.Model,javax.servlet.http.HttpServletRequest)
2020-02-27 11:05:24.852 [restartedMain] INFO  o.s.w.s.m.m.a.RequestMappingHandlerMapping - Mapped "{[/links],methods=[GET]}" onto public java.lang.String com.songhaozhi.mayday.web.controller.front.IndexController.links(org.springframework.ui.Model)
2020-02-27 11:05:24.852 [restartedMain] INFO  o.s.w.s.m.m.a.RequestMappingHandlerMapping - Mapped "{[/category/{cateUrl}],methods=[GET]}" onto public java.lang.String com.songhaozhi.mayday.web.controller.front.IndexController.categories(org.springframework.ui.Model,java.lang.String)
2020-02-27 11:05:24.852 [restartedMain] INFO  o.s.w.s.m.m.a.RequestMappingHandlerMapping - Mapped "{[/category/{cateUrl}/{page}],methods=[GET]}" onto public java.lang.String com.songhaozhi.mayday.web.controller.front.IndexController.categories(org.springframework.ui.Model,java.lang.String,java.lang.Integer)
2020-02-27 11:05:24.854 [restartedMain] INFO  o.s.w.s.m.m.a.RequestMappingHandlerMapping - Mapped "{[/error]}" onto public org.springframework.http.ResponseEntity<java.util.Map<java.lang.String, java.lang.Object>> org.springframework.boot.autoconfigure.web.servlet.error.BasicErrorController.error(javax.servlet.http.HttpServletRequest)
2020-02-27 11:05:24.854 [restartedMain] INFO  o.s.w.s.m.m.a.RequestMappingHandlerMapping - Mapped "{[/error],produces=[text/html]}" onto public org.springframework.web.servlet.ModelAndView org.springframework.boot.autoconfigure.web.servlet.error.BasicErrorController.errorHtml(javax.servlet.http.HttpServletRequest,javax.servlet.http.HttpServletResponse)
2020-02-27 11:05:24.887 [restartedMain] INFO  o.s.web.servlet.handler.SimpleUrlHandlerMapping - Mapped URL path [/webjars/**] onto handler of type [class org.springframework.web.servlet.resource.ResourceHttpRequestHandler]
2020-02-27 11:05:24.887 [restartedMain] INFO  o.s.web.servlet.handler.SimpleUrlHandlerMapping - Mapped URL path [/**] onto handler of type [class org.springframework.web.servlet.resource.ResourceHttpRequestHandler]
2020-02-27 11:05:24.887 [restartedMain] INFO  o.s.web.servlet.handler.SimpleUrlHandlerMapping - Mapped URL path [/static/**] onto handler of type [class org.springframework.web.servlet.resource.ResourceHttpRequestHandler]
2020-02-27 11:05:24.887 [restartedMain] INFO  o.s.web.servlet.handler.SimpleUrlHandlerMapping - Mapped URL path [/upload/**] onto handler of type [class org.springframework.web.servlet.resource.ResourceHttpRequestHandler]
2020-02-27 11:05:24.887 [restartedMain] INFO  o.s.web.servlet.handler.SimpleUrlHandlerMapping - Mapped URL path [/source/**] onto handler of type [class org.springframework.web.servlet.resource.ResourceHttpRequestHandler]
2020-02-27 11:05:24.902 [restartedMain] INFO  o.s.w.s.m.m.a.ExceptionHandlerExceptionResolver - Detected ResponseBodyAdvice implementation in JSONPResponseBodyAdvice
2020-02-27 11:05:24.902 [restartedMain] INFO  o.s.w.s.m.m.a.ExceptionHandlerExceptionResolver - Detected ResponseBodyAdvice implementation in fastJsonpResponseBodyAdvice
2020-02-27 11:05:24.902 [restartedMain] INFO  o.s.w.s.m.m.a.ExceptionHandlerExceptionResolver - Detected ResponseBodyAdvice implementation in fastJsonViewResponseBodyAdvice
2020-02-27 11:05:25.300 [restartedMain] INFO  o.s.b.d.autoconfigure.OptionalLiveReloadServer - LiveReload server is running on port 35729
2020-02-27 11:05:25.332 [restartedMain] INFO  o.s.jmx.export.annotation.AnnotationMBeanExporter - Registering beans for JMX exposure on startup
2020-02-27 11:05:25.334 [restartedMain] INFO  o.s.jmx.export.annotation.AnnotationMBeanExporter - Bean with name 'dataSource' has been autodetected for JMX exposure
2020-02-27 11:05:25.340 [restartedMain] INFO  o.s.jmx.export.annotation.AnnotationMBeanExporter - Located MBean 'dataSource': registering with JMX server as MBean [com.alibaba.druid.pool:name=dataSource,type=DruidDataSource]
2020-02-27 11:05:25.380 [restartedMain] INFO  com.alibaba.druid.pool.DruidDataSource - {dataSource-1} inited
2020-02-27 11:05:25.754 [restartedMain] DEBUG org.mybatis.spring.SqlSessionUtils - Creating a new SqlSession
2020-02-27 11:05:25.759 [restartedMain] DEBUG org.mybatis.spring.SqlSessionUtils - Registering transaction synchronization for SqlSession [org.apache.ibatis.session.defaults.DefaultSqlSession@58ccd9b8]
2020-02-27 11:05:25.776 [restartedMain] DEBUG o.m.spring.transaction.SpringManagedTransaction - JDBC Connection [com.mysql.jdbc.JDBC4Connection@3c2857] will be managed by Spring
2020-02-27 11:05:25.778 [restartedMain] DEBUG c.s.m.m.generator.OptionsMapper.selectByExample - ==>  Preparing: select 'true' as QUERYID, option_name, option_value from mayday_options 
2020-02-27 11:05:25.792 [restartedMain] DEBUG c.s.m.m.generator.OptionsMapper.selectByExample - ==> Parameters: 
2020-02-27 11:05:25.803 [restartedMain] DEBUG c.s.m.m.generator.OptionsMapper.selectByExample - <==      Total: 6
2020-02-27 11:05:25.803 [restartedMain] DEBUG org.mybatis.spring.SqlSessionUtils - Releasing transactional SqlSession [org.apache.ibatis.session.defaults.DefaultSqlSession@58ccd9b8]
2020-02-27 11:05:25.804 [restartedMain] DEBUG org.mybatis.spring.SqlSessionUtils - Transaction synchronization committing SqlSession [org.apache.ibatis.session.defaults.DefaultSqlSession@58ccd9b8]
2020-02-27 11:05:25.804 [restartedMain] DEBUG org.mybatis.spring.SqlSessionUtils - Transaction synchronization deregistering SqlSession [org.apache.ibatis.session.defaults.DefaultSqlSession@58ccd9b8]
2020-02-27 11:05:25.804 [restartedMain] DEBUG org.mybatis.spring.SqlSessionUtils - Transaction synchronization closing SqlSession [org.apache.ibatis.session.defaults.DefaultSqlSession@58ccd9b8]
2020-02-27 11:05:25.809 [restartedMain] DEBUG org.mybatis.spring.SqlSessionUtils - Creating a new SqlSession
2020-02-27 11:05:25.809 [restartedMain] DEBUG org.mybatis.spring.SqlSessionUtils - Registering transaction synchronization for SqlSession [org.apache.ibatis.session.defaults.DefaultSqlSession@107ec3c0]
2020-02-27 11:05:25.812 [restartedMain] DEBUG o.m.spring.transaction.SpringManagedTransaction - JDBC Connection [com.mysql.jdbc.JDBC4Connection@3c2857] will be managed by Spring
2020-02-27 11:05:25.812 [restartedMain] DEBUG c.s.m.mapper.generator.MenuMapper.selectByExample - ==>  Preparing: select 'true' as QUERYID, menu_id, menu_icon, menu_name, menu_sort, menu_target, menu_url from mayday_menu order by menu_sort 
2020-02-27 11:05:25.812 [restartedMain] DEBUG c.s.m.mapper.generator.MenuMapper.selectByExample - ==> Parameters: 
2020-02-27 11:05:25.815 [restartedMain] DEBUG c.s.m.mapper.generator.MenuMapper.selectByExample - <==      Total: 5
2020-02-27 11:05:25.815 [restartedMain] DEBUG org.mybatis.spring.SqlSessionUtils - Releasing transactional SqlSession [org.apache.ibatis.session.defaults.DefaultSqlSession@107ec3c0]
2020-02-27 11:05:25.816 [restartedMain] DEBUG org.mybatis.spring.SqlSessionUtils - Fetched SqlSession [org.apache.ibatis.session.defaults.DefaultSqlSession@107ec3c0] from current transaction
2020-02-27 11:05:25.816 [restartedMain] DEBUG c.s.m.mapper.generator.BacklogMapper.selectBacklog - ==>  Preparing: select id,backlog_id,backlog_name,time,state from mayday_backlog WHERE state=? 
2020-02-27 11:05:25.817 [restartedMain] DEBUG c.s.m.mapper.generator.BacklogMapper.selectBacklog - ==> Parameters: 0(Integer)
2020-02-27 11:05:25.819 [restartedMain] DEBUG c.s.m.mapper.generator.BacklogMapper.selectBacklog - <==      Total: 0
2020-02-27 11:05:25.819 [restartedMain] DEBUG org.mybatis.spring.SqlSessionUtils - Releasing transactional SqlSession [org.apache.ibatis.session.defaults.DefaultSqlSession@107ec3c0]
2020-02-27 11:05:25.819 [restartedMain] DEBUG org.mybatis.spring.SqlSessionUtils - Transaction synchronization committing SqlSession [org.apache.ibatis.session.defaults.DefaultSqlSession@107ec3c0]
2020-02-27 11:05:25.819 [restartedMain] DEBUG org.mybatis.spring.SqlSessionUtils - Transaction synchronization deregistering SqlSession [org.apache.ibatis.session.defaults.DefaultSqlSession@107ec3c0]
2020-02-27 11:05:25.819 [restartedMain] DEBUG org.mybatis.spring.SqlSessionUtils - Transaction synchronization closing SqlSession [org.apache.ibatis.session.defaults.DefaultSqlSession@107ec3c0]
2020-02-27 11:05:25.824 [restartedMain] DEBUG org.mybatis.spring.SqlSessionUtils - Creating a new SqlSession
2020-02-27 11:05:25.825 [restartedMain] DEBUG org.mybatis.spring.SqlSessionUtils - Registering transaction synchronization for SqlSession [org.apache.ibatis.session.defaults.DefaultSqlSession@54ae8127]
2020-02-27 11:05:25.830 [restartedMain] DEBUG o.m.spring.transaction.SpringManagedTransaction - JDBC Connection [com.mysql.jdbc.JDBC4Connection@3c2857] will be managed by Spring
2020-02-27 11:05:25.831 [restartedMain] DEBUG c.s.m.mapper.generator.ThemeMapper.selectByExample - ==>  Preparing: select 'true' as QUERYID, id, theme_name, theme_describe, theme_img, theme_status, create_time from mayday_theme WHERE ( theme_status = ? ) 
2020-02-27 11:05:25.831 [restartedMain] DEBUG c.s.m.mapper.generator.ThemeMapper.selectByExample - ==> Parameters: 1(Integer)
2020-02-27 11:05:25.832 [restartedMain] DEBUG c.s.m.mapper.generator.ThemeMapper.selectByExample - <==      Total: 1
2020-02-27 11:05:25.833 [restartedMain] DEBUG org.mybatis.spring.SqlSessionUtils - Releasing transactional SqlSession [org.apache.ibatis.session.defaults.DefaultSqlSession@54ae8127]
2020-02-27 11:05:25.833 [restartedMain] DEBUG org.mybatis.spring.SqlSessionUtils - Transaction synchronization committing SqlSession [org.apache.ibatis.session.defaults.DefaultSqlSession@54ae8127]
2020-02-27 11:05:25.833 [restartedMain] DEBUG org.mybatis.spring.SqlSessionUtils - Transaction synchronization deregistering SqlSession [org.apache.ibatis.session.defaults.DefaultSqlSession@54ae8127]
2020-02-27 11:05:25.833 [restartedMain] DEBUG org.mybatis.spring.SqlSessionUtils - Transaction synchronization closing SqlSession [org.apache.ibatis.session.defaults.DefaultSqlSession@54ae8127]
2020-02-27 11:05:25.836 [restartedMain] INFO  org.apache.coyote.http11.Http11NioProtocol - Starting ProtocolHandler ["http-nio-8091"]
2020-02-27 11:05:25.860 [restartedMain] INFO  org.apache.tomcat.util.net.NioSelectorPool - Using a shared selector for servlet write/read
2020-02-27 11:05:25.872 [restartedMain] INFO  o.s.boot.web.embedded.tomcat.TomcatWebServer - Tomcat started on port(s): 8091 (http) with context path ''
2020-02-27 11:05:25.877 [restartedMain] INFO  com.Application - Started Application in 5.326 seconds (JVM running for 6.386)
2020-02-27 11:05:28.798 [Thread-20] INFO  o.s.b.w.s.c.AnnotationConfigServletWebServerApplicationContext - Closing org.springframework.boot.web.servlet.context.AnnotationConfigServletWebServerApplicationContext@4cc472e3: startup date [Thu Feb 27 11:05:21 CST 2020]; root of context hierarchy
2020-02-27 11:05:28.804 [Thread-20] INFO  o.s.jmx.export.annotation.AnnotationMBeanExporter - Unregistering JMX-exposed beans on shutdown
2020-02-27 11:05:28.804 [Thread-20] INFO  o.s.jmx.export.annotation.AnnotationMBeanExporter - Unregistering JMX-exposed beans
2020-02-27 11:05:28.811 [Thread-20] INFO  com.alibaba.druid.pool.DruidDataSource - {dataSource-1} closed
